TN:
SF:src/app/api/health/route.ts
FN:4,GET
FNF:1
FNH:0
FNDA:0,GET
DA:1,0
DA:2,0
DA:4,0
DA:5,0
DA:6,0
DA:7,0
DA:9,0
LF:7
LH:0
BRF:0
BRH:0
end_of_record
TN:
SF:src/app/api/v1/activity/route.ts
FN:12,POST
FNF:1
FNH:0
FNDA:0,POST
DA:2,0
DA:3,0
DA:5,0
DA:12,0
DA:13,0
DA:14,0
DA:15,0
DA:17,0
DA:18,0
DA:21,0
DA:22,0
DA:26,0
DA:27,0
DA:28,0
DA:29,0
DA:30,0
DA:31,0
DA:35,0
DA:36,0
DA:39,0
DA:41,0
DA:42,0
LF:22
LH:0
BRDA:17,0,0,0
BRDA:17,0,1,0
BRDA:17,1,0,0
BRDA:17,1,1,0
BRDA:21,2,0,0
BRDA:21,2,1,0
BRDA:26,3,0,0
BRDA:26,3,1,0
BRDA:26,4,0,0
BRDA:26,4,1,0
BRDA:26,5,0,0
BRDA:26,5,1,0
BRDA:26,6,0,0
BRDA:26,6,1,0
BRDA:28,7,0,0
BRDA:28,7,1,0
BRDA:28,8,0,0
BRDA:28,8,1,0
BRDA:28,9,0,0
BRDA:28,9,1,0
BRDA:28,10,0,0
BRDA:28,10,1,0
BRDA:30,11,0,0
BRDA:30,11,1,0
BRDA:30,12,0,0
BRDA:30,12,1,0
BRDA:30,13,0,0
BRDA:30,13,1,0
BRDA:30,14,0,0
BRDA:30,14,1,0
BRDA:31,15,0,0
BRDA:31,15,1,0
BRDA:35,16,0,0
BRDA:35,16,1,0
BRDA:41,17,0,0
BRDA:41,17,1,0
BRF:36
BRH:0
end_of_record
TN:
SF:src/app/api/v1/admin/cleanup/route.ts
FN:12,POST
FN:28,(anonymous_2)
FNF:2
FNH:0
FNDA:0,POST
FNDA:0,(anonymous_2)
DA:2,0
DA:3,0
DA:5,0
DA:12,0
DA:13,0
DA:14,0
DA:15,0
DA:16,0
DA:17,0
DA:20,0
DA:21,0
DA:23,0
DA:25,0
DA:28,0
DA:29,0
DA:31,0
DA:34,0
DA:36,0
DA:37,0
LF:19
LH:0
BRDA:15,0,0,0
BRDA:15,0,1,0
BRDA:15,1,0,0
BRDA:15,1,1,0
BRDA:16,2,0,0
BRDA:16,2,1,0
BRDA:16,3,0,0
BRDA:16,3,1,0
BRDA:21,4,0,0
BRDA:21,4,1,0
BRDA:23,5,0,0
BRDA:23,5,1,0
BRDA:29,6,0,0
BRDA:29,6,1,0
BRDA:36,7,0,0
BRDA:36,7,1,0
BRF:16
BRH:0
end_of_record
TN:
SF:src/app/api/v1/admin/cleanup-duplicates/route.ts
FN:12,POST
FNF:1
FNH:0
FNDA:0,POST
DA:2,0
DA:3,0
DA:12,0
DA:13,0
DA:14,0
DA:15,0
DA:16,0
DA:20,0
DA:24,0
DA:26,0
DA:27,0
DA:28,0
DA:31,0
DA:33,0
DA:34,0
DA:38,0
DA:43,0
DA:44,0
LF:18
LH:0
BRDA:15,0,0,0
BRDA:15,0,1,0
BRDA:27,1,0,0
BRDA:27,1,1,0
BRDA:31,2,0,0
BRDA:31,2,1,0
BRDA:43,3,0,0
BRDA:43,3,1,0
BRF:8
BRH:0
end_of_record
TN:
SF:src/app/api/v1/agent/[id]/route.ts
FN:4,GET
FN:8,POST
FNF:2
FNH:0
FNDA:0,GET
FNDA:0,POST
DA:1,0
DA:4,0
DA:5,0
DA:8,0
DA:9,0
LF:5
LH:0
BRF:0
BRH:0
end_of_record
TN:
SF:src/app/api/v1/agents/[agentId]/route.ts
FN:6,PATCH
FN:49,DELETE
FNF:2
FNH:0
FNDA:0,PATCH
FNDA:0,DELETE
DA:2,0
DA:3,0
DA:4,0
DA:6,0
DA:10,0
DA:11,0
DA:12,0
DA:13,0
DA:15,0
DA:16,0
DA:20,0
DA:21,0
DA:24,0
DA:25,0
DA:26,0
DA:27,0
DA:29,0
DA:30,0
DA:31,0
DA:32,0
DA:33,0
DA:34,0
DA:37,0
DA:42,0
DA:44,0
DA:45,0
DA:49,0
DA:53,0
DA:54,0
DA:55,0
DA:56,0
DA:58,0
DA:59,0
DA:63,0
DA:64,0
DA:67,0
DA:68,0
DA:69,0
DA:72,0
DA:84,0
DA:92,0
DA:94,0
DA:95,0
LF:43
LH:0
BRDA:15,0,0,0
BRDA:15,0,1,0
BRDA:15,1,0,0
BRDA:15,1,1,0
BRDA:15,1,2,0
BRDA:20,2,0,0
BRDA:20,2,1,0
BRDA:25,3,0,0
BRDA:25,3,1,0
BRDA:26,4,0,0
BRDA:26,4,1,0
BRDA:27,5,0,0
BRDA:27,5,1,0
BRDA:30,6,0,0
BRDA:30,6,1,0
BRDA:31,7,0,0
BRDA:31,7,1,0
BRDA:33,8,0,0
BRDA:33,8,1,0
BRDA:44,9,0,0
BRDA:44,9,1,0
BRDA:58,10,0,0
BRDA:58,10,1,0
BRDA:58,11,0,0
BRDA:58,11,1,0
BRDA:58,11,2,0
BRDA:63,12,0,0
BRDA:63,12,1,0
BRDA:68,13,0,0
BRDA:68,13,1,0
BRDA:69,14,0,0
BRDA:69,14,1,0
BRDA:94,15,0,0
BRDA:94,15,1,0
BRF:34
BRH:0
end_of_record
TN:
SF:src/app/api/v1/agents/[agentId]/brief/route.ts
FN:5,POST
FNF:1
FNH:0
FNDA:0,POST
DA:2,0
DA:3,0
DA:5,0
DA:9,0
DA:10,0
DA:11,0
DA:12,0
DA:14,0
DA:15,0
DA:18,0
DA:19,0
DA:20,0
DA:22,0
DA:32,0
DA:38,0
DA:39,0
LF:16
LH:0
BRDA:14,0,0,0
BRDA:14,0,1,0
BRDA:14,1,0,0
BRDA:14,1,1,0
BRDA:14,1,2,0
BRDA:19,2,0,0
BRDA:19,2,1,0
BRDA:20,3,0,0
BRDA:20,3,1,0
BRDA:28,4,0,0
BRDA:28,4,1,0
BRDA:38,5,0,0
BRDA:38,5,1,0
BRF:13
BRH:0
end_of_record
TN:
SF:src/app/api/v1/agents/[agentId]/briefs/route.ts
FN:5,GET
FN:24,(anonymous_2)
FNF:2
FNH:0
FNDA:0,GET
FNDA:0,(anonymous_2)
DA:2,0
DA:3,0
DA:5,0
DA:9,0
DA:10,0
DA:11,0
DA:12,0
DA:14,0
DA:15,0
DA:17,0
DA:23,0
DA:24,0
DA:31,0
DA:32,0
LF:14
LH:0
BRDA:12,0,0,0
BRDA:12,0,1,0
BRDA:15,1,0,0
BRDA:15,1,1,0
BRDA:31,2,0,0
BRDA:31,2,1,0
BRF:6
BRH:0
end_of_record
TN:
SF:src/app/api/v1/agents/[agentId]/events/route.ts
FN:5,GET
FN:30,(anonymous_2)
FNF:2
FNH:0
FNDA:0,GET
FNDA:0,(anonymous_2)
DA:2,0
DA:3,0
DA:5,0
DA:9,0
DA:10,0
DA:11,0
DA:12,0
DA:13,0
DA:15,0
DA:16,0
DA:18,0
DA:19,0
DA:20,0
DA:23,0
DA:29,0
DA:30,0
DA:33,0
DA:34,0
LF:18
LH:0
BRDA:13,0,0,0
BRDA:13,0,1,0
BRDA:16,1,0,0
BRDA:16,1,1,0
BRDA:19,2,0,0
BRDA:19,2,1,0
BRDA:33,3,0,0
BRDA:33,3,1,0
BRF:8
BRH:0
end_of_record
TN:
SF:src/app/api/v1/agents/[agentId]/heartbeat/route.ts
FN:5,POST
FNF:1
FNH:0
FNDA:0,POST
DA:2,0
DA:3,0
DA:5,0
DA:9,0
DA:10,0
DA:12,0
DA:13,0
DA:14,0
DA:16,0
DA:18,0
DA:32,0
DA:34,0
DA:35,0
LF:13
LH:0
BRDA:13,0,0,0
BRDA:13,0,1,0
BRDA:14,1,0,0
BRDA:14,1,1,0
BRDA:34,2,0,0
BRDA:34,2,1,0
BRF:6
BRH:0
end_of_record
TN:
SF:src/app/api/v1/agents/block/[blockHeight]/route.ts
FN:5,GET
FN:20,(anonymous_2)
FNF:2
FNH:0
FNDA:0,GET
FNDA:0,(anonymous_2)
DA:2,0
DA:3,0
DA:5,0
DA:9,0
DA:10,0
DA:11,0
DA:12,0
DA:14,0
DA:19,0
DA:20,0
DA:23,0
DA:24,0
LF:12
LH:0
BRDA:12,0,0,0
BRDA:12,0,1,0
BRDA:12,1,0,0
BRDA:12,1,1,0
BRDA:23,2,0,0
BRDA:23,2,1,0
BRF:6
BRH:0
end_of_record
TN:
SF:src/app/api/v1/agents/register/route.ts
FN:11,POST
FNF:1
FNH:0
FNDA:0,POST
DA:2,0
DA:3,0
DA:4,0
DA:11,0
DA:12,0
DA:13,0
DA:23,0
DA:26,0
DA:27,0
DA:30,0
DA:31,0
DA:36,0
DA:37,0
DA:41,0
DA:42,0
DA:43,0
DA:47,0
DA:48,0
DA:52,0
DA:55,0
DA:56,0
DA:60,0
DA:64,0
DA:65,0
DA:68,0
DA:80,0
DA:82,0
DA:83,0
LF:28
LH:0
BRDA:26,0,0,0
BRDA:26,0,1,0
BRDA:26,1,0,0
BRDA:26,1,1,0
BRDA:26,1,2,0
BRDA:26,1,3,0
BRDA:26,1,4,0
BRDA:26,1,5,0
BRDA:26,1,6,0
BRDA:30,2,0,0
BRDA:30,2,1,0
BRDA:36,3,0,0
BRDA:36,3,1,0
BRDA:42,4,0,0
BRDA:42,4,1,0
BRDA:47,5,0,0
BRDA:47,5,1,0
BRDA:55,6,0,0
BRDA:55,6,1,0
BRDA:64,7,0,0
BRDA:64,7,1,0
BRDA:64,8,0,0
BRDA:64,8,1,0
BRDA:73,9,0,0
BRDA:73,9,1,0
BRDA:73,10,0,0
BRDA:73,10,1,0
BRDA:82,11,0,0
BRDA:82,11,1,0
BRF:29
BRH:0
end_of_record
TN:
SF:src/app/api/v1/analytics/route.ts
FN:7,GET
FN:47,(anonymous_2)
FN:48,(anonymous_3)
FN:49,(anonymous_4)
FNF:4
FNH:0
FNDA:0,GET
FNDA:0,(anonymous_2)
FNDA:0,(anonymous_3)
FNDA:0,(anonymous_4)
DA:2,0
DA:3,0
DA:5,0
DA:7,0
DA:8,0
DA:9,0
DA:10,0
DA:11,0
DA:14,0
DA:15,0
DA:16,0
DA:17,0
DA:18,0
DA:30,0
DA:42,0
DA:47,0
DA:48,0
DA:49,0
DA:52,0
DA:53,0
LF:20
LH:0
BRDA:5,0,0,0
BRDA:5,0,1,0
BRDA:10,1,0,0
BRDA:10,1,1,0
BRDA:10,2,0,0
BRDA:10,2,1,0
BRDA:52,3,0,0
BRDA:52,3,1,0
BRF:8
BRH:0
end_of_record
TN:
SF:src/app/api/v1/auth/verify/route.ts
FN:16,POST
FN:222,GET
FN:246,fetchWithTimeout
FN:248,(anonymous_4)
FN:249,(anonymous_5)
FN:256,verifyInscriptionOwnership
FN:319,scanWalletForBitmap
FNF:7
FNH:0
FNDA:0,POST
FNDA:0,GET
FNDA:0,fetchWithTimeout
FNDA:0,(anonymous_4)
FNDA:0,(anonymous_5)
FNDA:0,verifyInscriptionOwnership
FNDA:0,scanWalletForBitmap
DA:2,0
DA:3,0
DA:4,0
DA:5,0
DA:6,0
DA:16,0
DA:17,0
DA:18,0
DA:19,0
DA:21,0
DA:22,0
DA:25,0
DA:26,0
DA:30,0
DA:31,0
DA:32,0
DA:33,0
DA:35,0
DA:38,0
DA:40,0
DA:41,0
DA:45,0
DA:46,0
DA:47,0
DA:49,0
DA:50,0
DA:52,0
DA:57,0
DA:58,0
DA:61,0
DA:64,0
DA:65,0
DA:66,0
DA:69,0
DA:71,0
DA:72,0
DA:73,0
DA:74,0
DA:75,0
DA:77,0
DA:81,0
DA:82,0
DA:83,0
DA:84,0
DA:86,0
DA:96,0
DA:101,0
DA:104,0
DA:105,0
DA:110,0
DA:111,0
DA:116,0
DA:117,0
DA:121,0
DA:122,0
DA:127,0
DA:149,0
DA:150,0
DA:156,0
DA:157,0
DA:172,0
DA:173,0
DA:174,0
DA:177,0
DA:178,0
DA:181,0
DA:196,0
DA:201,0
DA:203,0
DA:213,0
DA:214,0
DA:222,0
DA:223,0
DA:224,0
DA:225,0
DA:227,0
DA:228,0
DA:230,0
DA:231,0
DA:235,0
DA:237,0
DA:238,0
DA:244,0
DA:247,0
DA:248,0
DA:249,0
DA:261,0
DA:263,0
DA:264,0
DA:267,0
DA:268,0
DA:269,0
DA:270,0
DA:272,0
DA:273,0
DA:276,0
DA:277,0
DA:285,0
DA:286,0
DA:287,0
DA:288,0
DA:289,0
DA:291,0
DA:294,0
DA:295,0
DA:297,0
DA:307,0
DA:308,0
DA:310,0
DA:311,0
DA:323,0
DA:325,0
DA:326,0
DA:329,0
DA:330,0
DA:331,0
DA:332,0
DA:333,0
DA:334,0
DA:335,0
DA:340,0
DA:341,0
DA:342,0
DA:343,0
DA:344,0
DA:345,0
DA:346,0
DA:347,0
DA:350,0
DA:357,0
DA:358,0
DA:359,0
DA:360,0
DA:361,0
DA:365,0
DA:367,0
DA:368,0
LF:137
LH:0
BRDA:21,0,0,0
BRDA:21,0,1,0
BRDA:21,1,0,0
BRDA:21,1,1,0
BRDA:21,1,2,0
BRDA:25,2,0,0
BRDA:25,2,1,0
BRDA:35,3,0,0
BRDA:35,3,1,0
BRDA:40,4,0,0
BRDA:40,4,1,0
BRDA:46,5,0,0
BRDA:46,5,1,0
BRDA:49,6,0,0
BRDA:49,6,1,0
BRDA:64,7,0,0
BRDA:64,7,1,0
BRDA:64,8,0,0
BRDA:64,8,1,0
BRDA:64,8,2,0
BRDA:64,8,3,0
BRDA:64,8,4,0
BRDA:64,9,0,0
BRDA:64,9,1,0
BRDA:64,10,0,0
BRDA:64,10,1,0
BRDA:64,11,0,0
BRDA:64,11,1,0
BRDA:64,12,0,0
BRDA:64,12,1,0
BRDA:64,13,0,0
BRDA:64,13,1,0
BRDA:64,14,0,0
BRDA:64,14,1,0
BRDA:64,15,0,0
BRDA:64,15,1,0
BRDA:64,16,0,0
BRDA:64,16,1,0
BRDA:69,17,0,0
BRDA:69,17,1,0
BRDA:69,18,0,0
BRDA:69,18,1,0
BRDA:71,19,0,0
BRDA:71,19,1,0
BRDA:73,20,0,0
BRDA:73,20,1,0
BRDA:82,21,0,0
BRDA:82,21,1,0
BRDA:96,22,0,0
BRDA:96,22,1,0
BRDA:96,23,0,0
BRDA:96,23,1,0
BRDA:96,24,0,0
BRDA:96,24,1,0
BRDA:96,25,0,0
BRDA:96,25,1,0
BRDA:96,26,0,0
BRDA:96,26,1,0
BRDA:96,27,0,0
BRDA:96,27,1,0
BRDA:98,28,0,0
BRDA:98,28,1,0
BRDA:101,29,0,0
BRDA:101,29,1,0
BRDA:101,30,0,0
BRDA:101,30,1,0
BRDA:104,31,0,0
BRDA:104,31,1,0
BRDA:104,32,0,0
BRDA:104,32,1,0
BRDA:110,33,0,0
BRDA:110,33,1,0
BRDA:116,34,0,0
BRDA:116,34,1,0
BRDA:116,35,0,0
BRDA:116,35,1,0
BRDA:121,36,0,0
BRDA:121,36,1,0
BRDA:133,37,0,0
BRDA:133,37,1,0
BRDA:134,38,0,0
BRDA:134,38,1,0
BRDA:135,39,0,0
BRDA:135,39,1,0
BRDA:142,40,0,0
BRDA:142,40,1,0
BRDA:143,41,0,0
BRDA:143,41,1,0
BRDA:144,42,0,0
BRDA:144,42,1,0
BRDA:149,43,0,0
BRDA:149,43,1,0
BRDA:156,44,0,0
BRDA:156,44,1,0
BRDA:161,45,0,0
BRDA:161,45,1,0
BRDA:166,46,0,0
BRDA:166,46,1,0
BRDA:172,47,0,0
BRDA:172,47,1,0
BRDA:172,48,0,0
BRDA:172,48,1,0
BRDA:177,49,0,0
BRDA:177,49,1,0
BRDA:186,50,0,0
BRDA:186,50,1,0
BRDA:196,51,0,0
BRDA:196,51,1,0
BRDA:213,52,0,0
BRDA:213,52,1,0
BRDA:225,53,0,0
BRDA:225,53,1,0
BRDA:227,54,0,0
BRDA:227,54,1,0
BRDA:227,55,0,0
BRDA:227,55,1,0
BRDA:228,56,0,0
BRDA:228,56,1,0
BRDA:235,57,0,0
BRDA:235,57,1,0
BRDA:237,58,0,0
BRDA:237,58,1,0
BRDA:246,59,0,0
BRDA:246,60,0,0
BRDA:267,61,0,0
BRDA:267,61,1,0
BRDA:269,62,0,0
BRDA:269,62,1,0
BRDA:269,63,0,0
BRDA:269,63,1,0
BRDA:270,64,0,0
BRDA:270,64,1,0
BRDA:272,65,0,0
BRDA:272,65,1,0
BRDA:272,66,0,0
BRDA:272,66,1,0
BRDA:276,67,0,0
BRDA:276,67,1,0
BRDA:276,68,0,0
BRDA:276,68,1,0
BRDA:287,69,0,0
BRDA:287,69,1,0
BRDA:291,70,0,0
BRDA:291,70,1,0
BRDA:291,70,2,0
BRDA:294,71,0,0
BRDA:294,71,1,0
BRDA:329,72,0,0
BRDA:329,72,1,0
BRDA:331,73,0,0
BRDA:331,73,1,0
BRDA:331,74,0,0
BRDA:331,74,1,0
BRDA:331,75,0,0
BRDA:331,75,1,0
BRDA:331,76,0,0
BRDA:331,76,1,0
BRDA:331,77,0,0
BRDA:331,77,1,0
BRDA:334,78,0,0
BRDA:334,78,1,0
BRDA:335,79,0,0
BRDA:335,79,1,0
BRDA:343,80,0,0
BRDA:343,80,1,0
BRDA:346,81,0,0
BRDA:346,81,1,0
BRDA:346,82,0,0
BRDA:346,82,1,0
BRDA:359,83,0,0
BRDA:359,83,1,0
BRDA:359,84,0,0
BRDA:359,84,1,0
BRDA:359,84,2,0
BRF:174
BRH:0
end_of_record
TN:
SF:src/app/api/v1/badge/[id]/route.ts
FN:11,GET
FNF:1
FNH:0
FNDA:0,GET
DA:1,0
DA:2,0
DA:3,0
DA:11,0
DA:15,0
DA:17,0
DA:18,0
DA:25,0
DA:28,0
DA:29,0
DA:31,0
DA:41,0
DA:42,0
DA:43,0
DA:44,0
DA:48,0
DA:50,0
LF:17
LH:0
BRDA:17,0,0,0
BRDA:17,0,1,0
BRDA:17,1,0,0
BRDA:17,1,1,0
BRDA:41,2,0,0
BRDA:41,2,1,0
BRDA:42,3,0,0
BRDA:42,3,1,0
BRDA:42,4,0,0
BRDA:42,4,1,0
BRDA:42,5,0,0
BRDA:42,5,1,0
BRDA:42,6,0,0
BRDA:42,6,1,0
BRDA:43,7,0,0
BRDA:43,7,1,0
BRDA:43,8,0,0
BRDA:43,8,1,0
BRDA:43,8,2,0
BRF:19
BRH:0
end_of_record
TN:
SF:src/app/api/v1/bitmap-image/[height]/route.ts
FN:25,lookupBitmapInscription
FN:66,GET
FNF:2
FNH:0
FNDA:0,lookupBitmapInscription
FNDA:0,GET
DA:2,0
DA:13,0
DA:16,0
DA:27,0
DA:30,0
DA:33,0
DA:35,0
DA:36,0
DA:42,0
DA:43,0
DA:44,0
DA:45,0
DA:46,0
DA:50,0
DA:51,0
DA:52,0
DA:53,0
DA:54,0
DA:55,0
DA:62,0
DA:63,0
DA:66,0
DA:70,0
DA:71,0
DA:72,0
DA:73,0
DA:74,0
DA:77,0
DA:79,0
DA:80,0
DA:83,0
DA:85,0
DA:92,0
LF:33
LH:0
BRDA:27,0,0,0
BRDA:27,0,1,0
BRDA:30,1,0,0
BRDA:30,1,1,0
BRDA:30,2,0,0
BRDA:30,2,1,0
BRDA:30,3,0,0
BRDA:30,3,1,0
BRDA:44,4,0,0
BRDA:44,4,1,0
BRDA:50,5,0,0
BRDA:50,5,1,0
BRDA:53,6,0,0
BRDA:53,6,1,0
BRDA:73,7,0,0
BRDA:73,7,1,0
BRDA:73,8,0,0
BRDA:73,8,1,0
BRDA:73,8,2,0
BRDA:79,9,0,0
BRDA:79,9,1,0
BRDA:92,10,0,0
BRDA:92,10,1,0
BRF:23
BRH:0
end_of_record
TN:
SF:src/app/api/v1/block-thumbnail/[height]/route.ts
FN:5,getEpoch
FN:9,fetchBlockTxs
FN:35,(anonymous_2)
FN:42,(anonymous_3)
FN:60,GET
FN:109,(anonymous_5)
FNF:6
FNH:0
FNDA:0,getEpoch
FNDA:0,fetchBlockTxs
FNDA:0,(anonymous_2)
FNDA:0,(anonymous_3)
FNDA:0,GET
FNDA:0,(anonymous_5)
DA:1,0
DA:2,0
DA:3,0
DA:6,0
DA:10,0
DA:14,0
DA:15,0
DA:17,0
DA:20,0
DA:21,0
DA:23,0
DA:26,0
DA:27,0
DA:35,0
DA:39,0
DA:40,0
DA:42,0
DA:43,0
DA:44,0
DA:45,0
DA:48,0
DA:49,0
DA:50,0
DA:51,0
DA:52,0
DA:53,0
DA:57,0
DA:60,0
DA:64,0
DA:67,0
DA:68,0
DA:69,0
DA:70,0
DA:73,0
DA:76,0
DA:77,0
DA:80,0
DA:81,0
DA:82,0
DA:95,0
DA:96,0
DA:97,0
DA:100,0
DA:111,0
DA:112,0
DA:120,0
DA:121,0
LF:47
LH:0
BRDA:14,0,0,0
BRDA:14,0,1,0
BRDA:20,1,0,0
BRDA:20,1,1,0
BRDA:26,2,0,0
BRDA:26,2,1,0
BRDA:36,3,0,0
BRDA:36,3,1,0
BRDA:36,4,0,0
BRDA:36,4,1,0
BRDA:40,5,0,0
BRDA:40,5,1,0
BRDA:42,6,0,0
BRDA:42,6,1,0
BRDA:42,7,0,0
BRDA:42,7,1,0
BRDA:43,8,0,0
BRDA:43,8,1,0
BRDA:45,9,0,0
BRDA:45,9,1,0
BRDA:69,10,0,0
BRDA:69,10,1,0
BRDA:69,11,0,0
BRDA:69,11,1,0
BRDA:80,12,0,0
BRDA:80,12,1,0
BRDA:81,13,0,0
BRDA:81,13,1,0
BRDA:86,14,0,0
BRDA:86,14,1,0
BRDA:111,15,0,0
BRDA:111,15,1,0
BRDA:116,16,0,0
BRDA:116,16,1,0
BRDA:120,17,0,0
BRDA:120,17,1,0
BRF:36
BRH:0
end_of_record
TN:
SF:src/app/api/v1/block/[height]/route.ts
FN:5,GET
FNF:1
FNH:0
FNDA:0,GET
DA:1,0
DA:2,0
DA:5,0
DA:9,0
DA:10,0
DA:11,0
DA:13,0
DA:14,0
DA:17,0
DA:22,0
DA:23,0
DA:26,0
DA:28,0
DA:29,0
LF:14
LH:0
BRDA:13,0,0,0
BRDA:13,0,1,0
BRDA:13,1,0,0
BRDA:13,1,1,0
BRDA:22,2,0,0
BRDA:22,2,1,0
BRF:6
BRH:0
end_of_record
TN:
SF:src/app/api/v1/blocks/[height]/route.ts
FN:5,GET
FNF:1
FNH:0
FNDA:0,GET
DA:2,0
DA:3,0
DA:5,0
DA:9,0
DA:10,0
DA:11,0
DA:12,0
DA:14,0
DA:22,0
DA:24,0
DA:30,0
DA:31,0
LF:12
LH:0
BRDA:12,0,0,0
BRDA:12,0,1,0
BRDA:12,1,0,0
BRDA:12,1,1,0
BRDA:22,2,0,0
BRDA:22,2,1,0
BRDA:30,3,0,0
BRDA:30,3,1,0
BRF:8
BRH:0
end_of_record
TN:
SF:src/app/api/v1/blocks/[height]/parcels/route.ts
FN:5,GET
FNF:1
FNH:0
FNDA:0,GET
DA:2,0
DA:3,0
DA:5,0
DA:9,0
DA:10,0
DA:11,0
DA:12,0
DA:14,0
DA:22,0
DA:24,0
DA:25,0
LF:11
LH:0
BRDA:12,0,0,0
BRDA:12,0,1,0
BRDA:12,1,0,0
BRDA:12,1,1,0
BRDA:24,2,0,0
BRDA:24,2,1,0
BRF:6
BRH:0
end_of_record
TN:
SF:src/app/api/v1/blocks/[height]/parcels/[txIndex]/customize/route.ts
FN:6,POST
FNF:1
FNH:0
FNDA:0,POST
DA:2,0
DA:3,0
DA:6,0
DA:10,0
DA:11,0
DA:12,0
DA:13,0
DA:14,0
DA:16,0
DA:17,0
DA:19,0
DA:20,0
DA:24,0
DA:25,0
DA:29,0
DA:33,0
DA:35,0
DA:38,0
DA:41,0
DA:64,0
DA:66,0
DA:67,0
LF:22
LH:0
BRDA:14,0,0,0
BRDA:14,0,1,0
BRDA:14,1,0,0
BRDA:14,1,1,0
BRDA:14,1,2,0
BRDA:14,1,3,0
BRDA:19,2,0,0
BRDA:19,2,1,0
BRDA:19,3,0,0
BRDA:19,3,1,0
BRDA:19,3,2,0
BRDA:24,4,0,0
BRDA:24,4,1,0
BRDA:33,5,0,0
BRDA:33,5,1,0
BRDA:33,6,0,0
BRDA:33,6,1,0
BRDA:38,7,0,0
BRDA:38,7,1,0
BRDA:44,8,0,0
BRDA:44,8,1,0
BRDA:45,9,0,0
BRDA:45,9,1,0
BRDA:46,10,0,0
BRDA:46,10,1,0
BRDA:47,11,0,0
BRDA:47,11,1,0
BRDA:47,12,0,0
BRDA:47,12,1,0
BRDA:48,13,0,0
BRDA:48,13,1,0
BRDA:48,14,0,0
BRDA:48,14,1,0
BRDA:49,15,0,0
BRDA:49,15,1,0
BRDA:55,16,0,0
BRDA:55,16,1,0
BRDA:56,17,0,0
BRDA:56,17,1,0
BRDA:57,18,0,0
BRDA:57,18,1,0
BRDA:58,19,0,0
BRDA:58,19,1,0
BRDA:58,20,0,0
BRDA:58,20,1,0
BRDA:59,21,0,0
BRDA:59,21,1,0
BRDA:59,22,0,0
BRDA:59,22,1,0
BRDA:60,23,0,0
BRDA:60,23,1,0
BRDA:66,24,0,0
BRDA:66,24,1,0
BRF:53
BRH:0
end_of_record
TN:
SF:src/app/api/v1/brain/appeal/route.ts
FN:12,POST
FN:128,GET
FNF:2
FNH:0
FNDA:0,POST
FNDA:0,GET
DA:8,0
DA:9,0
DA:10,0
DA:12,0
DA:13,0
DA:14,0
DA:16,0
DA:17,0
DA:21,0
DA:22,0
DA:23,0
DA:27,0
DA:28,0
DA:29,0
DA:33,0
DA:36,0
DA:37,0
DA:41,0
DA:51,0
DA:59,0
DA:73,0
DA:74,0
DA:75,0
DA:76,0
DA:79,0
DA:80,0
DA:83,0
DA:84,0
DA:85,0
DA:88,0
DA:89,0
DA:93,0
DA:94,0
DA:95,0
DA:99,0
DA:100,0
DA:104,0
DA:109,0
DA:121,0
DA:123,0
DA:124,0
DA:128,0
DA:129,0
DA:130,0
DA:131,0
DA:133,0
DA:134,0
DA:135,0
DA:137,0
DA:138,0
DA:148,0
DA:149,0
DA:153,0
DA:157,0
DA:161,0
LF:55
LH:0
BRDA:16,0,0,0
BRDA:16,0,1,0
BRDA:21,1,0,0
BRDA:21,1,1,0
BRDA:22,2,0,0
BRDA:22,2,1,0
BRDA:28,3,0,0
BRDA:28,3,1,0
BRDA:28,4,0,0
BRDA:28,4,1,0
BRDA:28,4,2,0
BRDA:36,5,0,0
BRDA:36,5,1,0
BRDA:45,6,0,0
BRDA:45,6,1,0
BRDA:73,7,0,0
BRDA:73,7,1,0
BRDA:75,8,0,0
BRDA:75,8,1,0
BRDA:75,9,0,0
BRDA:75,9,1,0
BRDA:79,10,0,0
BRDA:79,10,1,0
BRDA:79,11,0,0
BRDA:79,11,1,0
BRDA:84,12,0,0
BRDA:84,12,1,0
BRDA:84,13,0,0
BRDA:84,13,1,0
BRDA:88,14,0,0
BRDA:88,14,1,0
BRDA:93,15,0,0
BRDA:93,15,1,0
BRDA:94,16,0,0
BRDA:94,16,1,0
BRDA:100,17,0,0
BRDA:100,17,1,0
BRDA:133,18,0,0
BRDA:133,18,1,0
BRDA:135,19,0,0
BRDA:135,19,1,0
BRDA:137,20,0,0
BRDA:137,20,1,0
BRDA:148,21,0,0
BRDA:148,21,1,0
BRF:45
BRH:0
end_of_record
TN:
SF:src/app/api/v1/brain/cron/route.ts
FN:20,GET
FN:36,(anonymous_2)
FN:49,(anonymous_3)
FN:53,(anonymous_4)
FN:56,(anonymous_5)
FN:57,(anonymous_6)
FN:68,(anonymous_7)
FN:84,(anonymous_8)
FN:94,(anonymous_9)
FN:113,(anonymous_10)
FN:117,(anonymous_11)
FN:127,(anonymous_12)
FN:127,(anonymous_13)
FN:132,(anonymous_14)
FN:148,(anonymous_15)
FN:157,(anonymous_16)
FN:173,(anonymous_17)
FN:190,(anonymous_18)
FNF:18
FNH:0
FNDA:0,GET
FNDA:0,(anonymous_2)
FNDA:0,(anonymous_3)
FNDA:0,(anonymous_4)
FNDA:0,(anonymous_5)
FNDA:0,(anonymous_6)
FNDA:0,(anonymous_7)
FNDA:0,(anonymous_8)
FNDA:0,(anonymous_9)
FNDA:0,(anonymous_10)
FNDA:0,(anonymous_11)
FNDA:0,(anonymous_12)
FNDA:0,(anonymous_13)
FNDA:0,(anonymous_14)
FNDA:0,(anonymous_15)
FNDA:0,(anonymous_16)
FNDA:0,(anonymous_17)
FNDA:0,(anonymous_18)
DA:10,0
DA:11,0
DA:12,0
DA:13,0
DA:15,0
DA:17,0
DA:18,0
DA:20,0
DA:22,0
DA:23,0
DA:24,0
DA:27,0
DA:28,0
DA:30,0
DA:31,0
DA:34,0
DA:36,0
DA:37,0
DA:46,0
DA:49,0
DA:53,0
DA:55,0
DA:56,0
DA:57,0
DA:68,0
DA:69,0
DA:84,0
DA:85,0
DA:94,0
DA:96,0
DA:97,0
DA:103,0
DA:110,0
DA:113,0
DA:114,0
DA:117,0
DA:118,0
DA:122,0
DA:127,0
DA:132,0
DA:133,0
DA:137,0
DA:138,0
DA:143,0
DA:148,0
DA:149,0
DA:154,0
DA:157,0
DA:158,0
DA:164,0
DA:166,0
DA:167,0
DA:170,0
DA:171,0
DA:172,0
DA:173,0
DA:174,0
DA:182,0
DA:185,0
DA:190,0
DA:196,0
DA:197,0
LF:62
LH:0
BRDA:27,0,0,0
BRDA:27,0,1,0
BRDA:28,1,0,0
BRDA:28,1,1,0
BRDA:30,2,0,0
BRDA:30,2,1,0
BRDA:30,3,0,0
BRDA:30,3,1,0
BRDA:61,4,0,0
BRDA:61,4,1,0
BRDA:72,5,0,0
BRDA:72,5,1,0
BRDA:97,6,0,0
BRDA:97,6,1,0
BRDA:99,7,0,0
BRDA:99,7,1,0
BRDA:105,8,0,0
BRDA:105,8,1,0
BRDA:106,9,0,0
BRDA:106,9,1,0
BRDA:137,10,0,0
BRDA:137,10,1,0
BRDA:137,11,0,0
BRDA:137,11,1,0
BRDA:144,12,0,0
BRDA:144,12,1,0
BRDA:144,13,0,0
BRDA:144,13,1,0
BRDA:176,14,0,0
BRDA:176,14,1,0
BRDA:176,15,0,0
BRDA:176,15,1,0
BRDA:176,16,0,0
BRDA:176,16,1,0
BRDA:176,17,0,0
BRDA:176,17,1,0
BRDA:187,18,0,0
BRDA:187,18,1,0
BRDA:187,19,0,0
BRDA:187,19,1,0
BRDA:188,20,0,0
BRDA:188,20,1,0
BRDA:188,21,0,0
BRDA:188,21,1,0
BRDA:189,22,0,0
BRDA:189,22,1,0
BRDA:189,23,0,0
BRDA:189,23,1,0
BRDA:192,24,0,0
BRDA:192,24,1,0
BRDA:192,25,0,0
BRDA:192,25,1,0
BRDA:193,26,0,0
BRDA:193,26,1,0
BRF:54
BRH:0
end_of_record
TN:
SF:src/app/api/v1/brain/flag/route.ts
FN:6,POST
FN:31,(anonymous_2)
FN:55,GET
FNF:3
FNH:0
FNDA:0,POST
FNDA:0,(anonymous_2)
FNDA:0,GET
DA:1,0
DA:2,0
DA:3,0
DA:4,0
DA:6,0
DA:7,0
DA:8,0
DA:10,0
DA:11,0
DA:15,0
DA:16,0
DA:18,0
DA:19,0
DA:23,0
DA:24,0
DA:25,0
DA:29,0
DA:31,0
DA:34,0
DA:37,0
DA:38,0
DA:45,0
DA:49,0
DA:51,0
DA:55,0
DA:56,0
DA:57,0
DA:58,0
DA:60,0
DA:61,0
DA:62,0
LF:31
LH:0
BRDA:10,0,0,0
BRDA:10,0,1,0
BRDA:10,1,0,0
BRDA:10,1,1,0
BRDA:10,1,2,0
BRDA:15,2,0,0
BRDA:15,2,1,0
BRDA:15,3,0,0
BRDA:15,3,1,0
BRDA:18,4,0,0
BRDA:18,4,1,0
BRDA:24,5,0,0
BRDA:24,5,1,0
BRDA:24,6,0,0
BRDA:24,6,1,0
BRDA:24,7,0,0
BRDA:24,7,1,0
BRDA:37,8,0,0
BRDA:37,8,1,0
BRDA:37,9,0,0
BRDA:37,9,1,0
BRDA:40,10,0,0
BRDA:40,10,1,0
BRDA:41,11,0,0
BRDA:41,11,1,0
BRDA:58,12,0,0
BRDA:58,12,1,0
BRF:27
BRH:0
end_of_record
TN:
SF:src/app/api/v1/brain/heartbeat-chain/route.ts
FN:14,GET
FNF:1
FNH:0
FNDA:0,GET
DA:8,0
DA:9,0
DA:10,0
DA:12,0
DA:14,0
DA:15,0
DA:16,0
DA:17,0
DA:18,0
DA:21,0
DA:23,0
DA:24,0
DA:25,0
DA:28,0
DA:29,0
DA:32,0
DA:41,0
DA:42,0
LF:18
LH:0
BRDA:17,0,0,0
BRDA:17,0,1,0
BRDA:17,1,0,0
BRDA:17,1,1,0
BRDA:17,2,0,0
BRDA:17,2,1,0
BRDA:18,3,0,0
BRDA:18,3,1,0
BRDA:28,4,0,0
BRDA:28,4,1,0
BRDA:35,5,0,0
BRDA:35,5,1,0
BRDA:35,6,0,0
BRDA:35,6,1,0
BRDA:35,7,0,0
BRDA:35,7,1,0
BRDA:35,8,0,0
BRDA:35,8,1,0
BRDA:36,9,0,0
BRDA:36,9,1,0
BRDA:36,10,0,0
BRDA:36,10,1,0
BRDA:36,11,0,0
BRDA:36,11,1,0
BRDA:36,12,0,0
BRDA:36,12,1,0
BRDA:37,13,0,0
BRDA:37,13,1,0
BRDA:37,14,0,0
BRDA:37,14,1,0
BRF:30
BRH:0
end_of_record
TN:
SF:src/app/api/v1/brain/heartbeat-chain/anchor/route.ts
FN:13,GET
FNF:1
FNH:0
FNDA:0,GET
DA:8,0
DA:9,0
DA:11,0
DA:13,0
DA:14,0
DA:15,0
DA:17,0
DA:18,0
DA:24,0
DA:26,0
DA:36,0
DA:37,0
LF:12
LH:0
BRDA:17,0,0,0
BRDA:17,0,1,0
BRF:2
BRH:0
end_of_record
TN:
SF:src/app/api/v1/brain/scan/route.ts
FN:28,POST
FN:32,(anonymous_2)
FN:40,(anonymous_3)
FN:55,(anonymous_4)
FN:59,(anonymous_5)
FN:62,(anonymous_6)
FN:63,(anonymous_7)
FN:74,(anonymous_8)
FN:89,(anonymous_9)
FN:100,(anonymous_10)
FN:124,(anonymous_11)
FN:130,(anonymous_12)
FN:140,(anonymous_13)
FN:140,(anonymous_14)
FN:145,(anonymous_15)
FN:170,(anonymous_16)
FN:179,(anonymous_17)
FN:207,(anonymous_18)
FN:216,(anonymous_19)
FN:218,(anonymous_20)
FN:234,GET
FNF:21
FNH:0
FNDA:0,POST
FNDA:0,(anonymous_2)
FNDA:0,(anonymous_3)
FNDA:0,(anonymous_4)
FNDA:0,(anonymous_5)
FNDA:0,(anonymous_6)
FNDA:0,(anonymous_7)
FNDA:0,(anonymous_8)
FNDA:0,(anonymous_9)
FNDA:0,(anonymous_10)
FNDA:0,(anonymous_11)
FNDA:0,(anonymous_12)
FNDA:0,(anonymous_13)
FNDA:0,(anonymous_14)
FNDA:0,(anonymous_15)
FNDA:0,(anonymous_16)
FNDA:0,(anonymous_17)
FNDA:0,(anonymous_18)
FNDA:0,(anonymous_19)
FNDA:0,(anonymous_20)
FNDA:0,GET
DA:19,0
DA:20,0
DA:21,0
DA:22,0
DA:25,0
DA:26,0
DA:28,0
DA:29,0
DA:31,0
DA:32,0
DA:33,0
DA:35,0
DA:36,0
DA:40,0
DA:42,0
DA:52,0
DA:55,0
DA:59,0
DA:61,0
DA:62,0
DA:63,0
DA:74,0
DA:75,0
DA:89,0
DA:91,0
DA:100,0
DA:103,0
DA:104,0
DA:110,0
DA:117,0
DA:124,0
DA:125,0
DA:130,0
DA:131,0
DA:135,0
DA:140,0
DA:145,0
DA:146,0
DA:152,0
DA:153,0
DA:154,0
DA:161,0
DA:170,0
DA:171,0
DA:176,0
DA:179,0
DA:180,0
DA:186,0
DA:194,0
DA:195,0
DA:197,0
DA:207,0
DA:216,0
DA:218,0
DA:224,0
DA:225,0
DA:234,0
DA:235,0
DA:236,0
DA:237,0
DA:243,0
LF:61
LH:0
BRDA:26,0,0,0
BRDA:26,0,1,0
BRDA:33,1,0,0
BRDA:33,1,1,0
BRDA:33,2,0,0
BRDA:33,2,1,0
BRDA:33,3,0,0
BRDA:33,3,1,0
BRDA:35,4,0,0
BRDA:35,4,1,0
BRDA:67,5,0,0
BRDA:67,5,1,0
BRDA:78,6,0,0
BRDA:78,6,1,0
BRDA:104,7,0,0
BRDA:104,7,1,0
BRDA:106,8,0,0
BRDA:106,8,1,0
BRDA:112,9,0,0
BRDA:112,9,1,0
BRDA:113,10,0,0
BRDA:113,10,1,0
BRDA:153,11,0,0
BRDA:153,11,1,0
BRDA:153,12,0,0
BRDA:153,12,1,0
BRDA:164,13,0,0
BRDA:164,13,1,0
BRDA:164,14,0,0
BRDA:164,14,1,0
BRDA:200,15,0,0
BRDA:200,15,1,0
BRDA:200,16,0,0
BRDA:200,16,1,0
BRDA:201,17,0,0
BRDA:201,17,1,0
BRDA:201,18,0,0
BRDA:201,18,1,0
BRDA:202,19,0,0
BRDA:202,19,1,0
BRDA:202,20,0,0
BRDA:202,20,1,0
BRDA:203,21,0,0
BRDA:203,21,1,0
BRDA:203,22,0,0
BRDA:203,22,1,0
BRDA:204,23,0,0
BRDA:204,23,1,0
BRDA:204,24,0,0
BRDA:204,24,1,0
BRDA:205,25,0,0
BRDA:205,25,1,0
BRDA:205,26,0,0
BRDA:205,26,1,0
BRDA:216,27,0,0
BRDA:216,27,1,0
BRDA:236,28,0,0
BRDA:236,28,1,0
BRF:58
BRH:0
end_of_record
TN:
SF:src/app/api/v1/brain/stats/route.ts
FN:5,GET
FNF:1
FNH:0
FNDA:0,GET
DA:1,0
DA:2,0
DA:3,0
DA:5,0
DA:6,0
DA:7,0
DA:15,0
DA:28,0
LF:8
LH:0
BRDA:22,0,0,0
BRDA:22,0,1,0
BRF:2
BRH:0
end_of_record
TN:
SF:src/app/api/v1/brain/status/route.ts
FN:30,GET
FN:92,(anonymous_2)
FN:96,(anonymous_3)
FNF:3
FNH:0
FNDA:0,GET
FNDA:0,(anonymous_2)
FNDA:0,(anonymous_3)
DA:10,0
DA:11,0
DA:12,0
DA:28,0
DA:30,0
DA:31,0
DA:43,0
DA:55,0
DA:92,0
DA:96,0
DA:113,0
DA:114,0
LF:12
LH:0
BRDA:87,0,0,0
BRDA:87,0,1,0
BRDA:96,1,0,0
BRDA:96,1,1,0
BRF:4
BRH:0
end_of_record
TN:
SF:src/app/api/v1/challenge/route.ts
FN:7,POST
FNF:1
FNH:0
FNDA:0,POST
DA:2,0
DA:3,0
DA:4,0
DA:5,0
DA:7,0
DA:8,0
DA:9,0
DA:10,0
DA:11,0
DA:13,0
DA:15,0
DA:17,0
DA:19,0
DA:21,0
DA:23,0
DA:24,0
LF:16
LH:0
BRDA:11,0,0,0
BRDA:11,0,1,0
BRDA:23,1,0,0
BRDA:23,1,1,0
BRF:4
BRH:0
end_of_record
TN:
SF:src/app/api/v1/chat/[blockHeight]/route.ts
FN:5,GET
FN:47,(anonymous_2)
FN:79,POST
FNF:3
FNH:0
FNDA:0,GET
FNDA:0,(anonymous_2)
FNDA:0,POST
DA:2,0
DA:3,0
DA:5,0
DA:9,0
DA:10,0
DA:11,0
DA:12,0
DA:14,0
DA:15,0
DA:16,0
DA:18,0
DA:19,0
DA:20,0
DA:25,0
DA:26,0
DA:28,0
DA:47,0
DA:48,0
DA:49,0
DA:50,0
DA:51,0
DA:52,0
DA:54,0
DA:70,0
DA:72,0
DA:77,0
DA:79,0
DA:83,0
DA:84,0
DA:85,0
DA:86,0
DA:88,0
DA:89,0
DA:91,0
DA:92,0
DA:95,0
DA:96,0
DA:97,0
DA:101,0
DA:102,0
DA:103,0
DA:104,0
DA:106,0
DA:109,0
DA:110,0
DA:111,0
DA:112,0
DA:116,0
DA:117,0
DA:119,0
DA:120,0
DA:122,0
DA:133,0
DA:135,0
LF:54
LH:0
BRDA:12,0,0,0
BRDA:12,0,1,0
BRDA:12,1,0,0
BRDA:12,1,1,0
BRDA:15,2,0,0
BRDA:15,2,1,0
BRDA:18,3,0,0
BRDA:18,3,1,0
BRDA:21,4,0,0
BRDA:21,4,1,0
BRDA:22,5,0,0
BRDA:22,5,1,0
BRDA:25,6,0,0
BRDA:25,6,1,0
BRDA:26,7,0,0
BRDA:26,7,1,0
BRDA:50,8,0,0
BRDA:50,8,1,0
BRDA:58,9,0,0
BRDA:58,9,1,0
BRDA:58,9,2,0
BRDA:58,10,0,0
BRDA:58,10,1,0
BRDA:58,11,0,0
BRDA:58,11,1,0
BRDA:59,12,0,0
BRDA:59,12,1,0
BRDA:59,13,0,0
BRDA:59,13,1,0
BRDA:59,14,0,0
BRDA:59,14,1,0
BRDA:59,15,0,0
BRDA:59,15,1,0
BRDA:60,16,0,0
BRDA:60,16,1,0
BRDA:60,17,0,0
BRDA:60,17,1,0
BRDA:60,18,0,0
BRDA:60,18,1,0
BRDA:60,19,0,0
BRDA:60,19,1,0
BRDA:72,20,0,0
BRDA:72,20,1,0
BRDA:86,21,0,0
BRDA:86,21,1,0
BRDA:86,22,0,0
BRDA:86,22,1,0
BRDA:91,23,0,0
BRDA:91,23,1,0
BRDA:91,24,0,0
BRDA:91,24,1,0
BRDA:92,25,0,0
BRDA:92,25,1,0
BRDA:92,26,0,0
BRDA:92,26,1,0
BRDA:92,26,2,0
BRDA:95,27,0,0
BRDA:95,27,1,0
BRDA:95,28,0,0
BRDA:95,28,1,0
BRDA:96,29,0,0
BRDA:96,29,1,0
BRDA:102,30,0,0
BRDA:102,30,1,0
BRDA:103,31,0,0
BRDA:103,31,1,0
BRDA:109,32,0,0
BRDA:109,32,1,0
BRDA:112,33,0,0
BRDA:112,33,1,0
BRDA:117,34,0,0
BRDA:117,34,1,0
BRDA:117,35,0,0
BRDA:117,35,1,0
BRDA:120,36,0,0
BRDA:120,36,1,0
BRDA:120,37,0,0
BRDA:120,37,1,0
BRDA:126,38,0,0
BRDA:126,38,1,0
BRDA:135,39,0,0
BRDA:135,39,1,0
BRF:82
BRH:0
end_of_record
TN:
SF:src/app/api/v1/chat/history/route.ts
FN:5,GET
FN:63,(anonymous_2)
FNF:2
FNH:0
FNDA:0,GET
FNDA:0,(anonymous_2)
DA:2,0
DA:3,0
DA:5,0
DA:6,0
DA:7,0
DA:8,0
DA:9,0
DA:10,0
DA:11,0
DA:12,0
DA:13,0
DA:16,0
DA:18,0
DA:19,0
DA:20,0
DA:21,0
DA:27,0
DA:28,0
DA:29,0
DA:30,0
DA:31,0
DA:34,0
DA:35,0
DA:36,0
DA:37,0
DA:38,0
DA:43,0
DA:44,0
DA:47,0
DA:63,0
DA:65,0
DA:66,0
DA:67,0
DA:68,0
DA:69,0
DA:72,0
DA:89,0
DA:90,0
DA:92,0
DA:94,0
LF:40
LH:0
BRDA:8,0,0,0
BRDA:8,0,1,0
BRDA:12,1,0,0
BRDA:12,1,1,0
BRDA:18,2,0,0
BRDA:18,2,1,0
BRDA:19,3,0,0
BRDA:19,3,1,0
BRDA:19,4,0,0
BRDA:19,4,1,0
BRDA:30,5,0,0
BRDA:30,5,1,0
BRDA:34,6,0,0
BRDA:34,6,1,0
BRDA:36,7,0,0
BRDA:36,7,1,0
BRDA:36,8,0,0
BRDA:36,8,1,0
BRDA:43,9,0,0
BRDA:43,9,1,0
BRDA:51,10,0,0
BRDA:51,10,1,0
BRDA:67,11,0,0
BRDA:67,11,1,0
BRDA:76,12,0,0
BRDA:76,12,1,0
BRDA:76,12,2,0
BRDA:76,13,0,0
BRDA:76,13,1,0
BRDA:76,14,0,0
BRDA:76,14,1,0
BRDA:77,15,0,0
BRDA:77,15,1,0
BRDA:77,16,0,0
BRDA:77,16,1,0
BRDA:77,17,0,0
BRDA:77,17,1,0
BRDA:77,18,0,0
BRDA:77,18,1,0
BRDA:78,19,0,0
BRDA:78,19,1,0
BRDA:78,20,0,0
BRDA:78,20,1,0
BRDA:78,21,0,0
BRDA:78,21,1,0
BRDA:78,22,0,0
BRDA:78,22,1,0
BRDA:90,23,0,0
BRDA:90,23,1,0
BRDA:94,24,0,0
BRDA:94,24,1,0
BRF:51
BRH:0
end_of_record
TN:
SF:src/app/api/v1/chat/react/route.ts
FN:7,POST
FNF:1
FNH:0
FNDA:0,POST
DA:2,0
DA:3,0
DA:5,0
DA:7,0
DA:8,0
DA:9,0
DA:10,0
DA:12,0
DA:13,0
DA:14,0
DA:15,0
DA:16,0
DA:17,0
DA:21,0
DA:22,0
DA:25,0
DA:29,0
DA:30,0
DA:31,0
DA:33,0
DA:36,0
DA:39,0
LF:22
LH:0
BRDA:12,0,0,0
BRDA:12,0,1,0
BRDA:12,1,0,0
BRDA:12,1,1,0
BRDA:13,2,0,0
BRDA:13,2,1,0
BRDA:13,3,0,0
BRDA:13,3,1,0
BRDA:14,4,0,0
BRDA:14,4,1,0
BRDA:14,5,0,0
BRDA:14,5,1,0
BRDA:15,6,0,0
BRDA:15,6,1,0
BRDA:15,7,0,0
BRDA:15,7,1,0
BRDA:16,8,0,0
BRDA:16,8,1,0
BRDA:22,9,0,0
BRDA:22,9,1,0
BRDA:29,10,0,0
BRDA:29,10,1,0
BRDA:39,11,0,0
BRDA:39,11,1,0
BRF:24
BRH:0
end_of_record
TN:
SF:src/app/api/v1/delegations/listings/route.ts
FN:5,GET
FN:41,POST
FN:61,(anonymous_12)
FNF:3
FNH:0
FNDA:0,GET
FNDA:0,POST
FNDA:0,(anonymous_12)
DA:2,0
DA:3,0
DA:5,0
DA:6,0
DA:7,0
DA:8,0
DA:9,0
DA:10,0
DA:11,0
DA:12,0
DA:14,0
DA:15,0
DA:16,0
DA:17,0
DA:19,0
DA:33,0
DA:35,0
DA:36,0
DA:41,0
DA:42,0
DA:43,0
DA:44,0
DA:46,0
DA:47,0
DA:48,0
DA:49,0
DA:52,0
DA:55,0
DA:56,0
DA:57,0
DA:59,0
DA:61,0
DA:62,0
DA:63,0
DA:64,0
DA:69,0
DA:89,0
DA:91,0
DA:92,0
LF:39
LH:0
BRDA:11,0,0,0
BRDA:11,0,1,0
BRDA:12,1,0,0
BRDA:12,1,1,0
BRDA:15,2,0,0
BRDA:15,2,1,0
BRDA:16,3,0,0
BRDA:16,3,1,0
BRDA:17,4,0,0
BRDA:17,4,1,0
BRDA:35,5,0,0
BRDA:35,5,1,0
BRDA:46,6,0,0
BRDA:46,6,1,0
BRDA:46,7,0,0
BRDA:46,7,1,0
BRDA:46,7,2,0
BRDA:47,8,0,0
BRDA:47,8,1,0
BRDA:47,9,0,0
BRDA:47,9,1,0
BRDA:47,9,2,0
BRDA:48,10,0,0
BRDA:48,10,1,0
BRDA:49,11,0,0
BRDA:49,11,1,0
BRDA:49,12,0,0
BRDA:49,12,1,0
BRDA:52,13,0,0
BRDA:52,13,1,0
BRDA:56,14,0,0
BRDA:56,14,1,0
BRDA:59,15,0,0
BRDA:59,15,1,0
BRDA:63,16,0,0
BRDA:63,16,1,0
BRDA:64,17,0,0
BRDA:64,17,1,0
BRDA:64,18,0,0
BRDA:64,18,1,0
BRDA:70,19,0,0
BRDA:70,19,1,0
BRDA:73,20,0,0
BRDA:73,20,1,0
BRDA:73,21,0,0
BRDA:73,21,1,0
BRDA:80,22,0,0
BRDA:80,22,1,0
BRDA:80,23,0,0
BRDA:80,23,1,0
BRDA:83,24,0,0
BRDA:83,24,1,0
BRDA:83,25,0,0
BRDA:83,25,1,0
BRDA:91,26,0,0
BRDA:91,26,1,0
BRF:56
BRH:0
end_of_record
TN:
SF:src/app/api/v1/delegations/purchase/route.ts
FN:6,POST
FNF:1
FNH:0
FNDA:0,POST
DA:2,0
DA:3,0
DA:4,0
DA:6,0
DA:7,0
DA:8,0
DA:9,0
DA:11,0
DA:12,0
DA:13,0
DA:16,0
DA:18,0
DA:19,0
DA:22,0
DA:23,0
DA:26,0
DA:27,0
DA:35,0
DA:37,0
DA:38,0
LF:20
LH:0
BRDA:11,0,0,0
BRDA:11,0,1,0
BRDA:11,1,0,0
BRDA:11,1,1,0
BRDA:11,1,2,0
BRDA:12,2,0,0
BRDA:12,2,1,0
BRDA:12,3,0,0
BRDA:12,3,1,0
BRDA:12,3,2,0
BRDA:13,4,0,0
BRDA:13,4,1,0
BRDA:16,5,0,0
BRDA:16,5,1,0
BRDA:19,6,0,0
BRDA:19,6,1,0
BRDA:19,7,0,0
BRDA:19,7,1,0
BRDA:22,8,0,0
BRDA:22,8,1,0
BRDA:22,9,0,0
BRDA:22,9,1,0
BRDA:26,10,0,0
BRDA:26,10,1,0
BRDA:37,11,0,0
BRDA:37,11,1,0
BRF:26
BRH:0
end_of_record
TN:
SF:src/app/api/v1/encryption/route.ts
FN:10,GET
FN:56,POST
FN:58,(anonymous_12)
FNF:3
FNH:0
FNDA:0,GET
FNDA:0,POST
FNDA:0,(anonymous_12)
DA:2,0
DA:3,0
DA:10,0
DA:11,0
DA:12,0
DA:13,0
DA:14,0
DA:16,0
DA:17,0
DA:20,0
DA:31,0
DA:32,0
DA:33,0
DA:36,0
DA:42,0
DA:56,0
DA:57,0
DA:58,0
DA:59,0
DA:60,0
DA:62,0
DA:63,0
DA:67,0
DA:68,0
DA:70,0
DA:71,0
DA:73,0
DA:74,0
DA:78,0
DA:79,0
DA:84,0
DA:85,0
DA:89,0
DA:92,0
DA:95,0
DA:100,0
DA:105,0
LF:37
LH:0
BRDA:16,0,0,0
BRDA:16,0,1,0
BRDA:16,1,0,0
BRDA:16,1,1,0
BRDA:21,2,0,0
BRDA:21,2,1,0
BRDA:31,3,0,0
BRDA:31,3,1,0
BRDA:32,4,0,0
BRDA:32,4,1,0
BRDA:42,5,0,0
BRDA:42,5,1,0
BRDA:62,6,0,0
BRDA:62,6,1,0
BRDA:62,7,0,0
BRDA:62,7,1,0
BRDA:67,8,0,0
BRDA:67,8,1,0
BRDA:67,9,0,0
BRDA:67,9,1,0
BRDA:70,10,0,0
BRDA:70,10,1,0
BRDA:73,11,0,0
BRDA:73,11,1,0
BRDA:73,12,0,0
BRDA:73,12,1,0
BRDA:78,13,0,0
BRDA:78,13,1,0
BRDA:84,14,0,0
BRDA:84,14,1,0
BRDA:92,15,0,0
BRDA:92,15,1,0
BRDA:105,16,0,0
BRDA:105,16,1,0
BRF:34
BRH:0
end_of_record
TN:
SF:src/app/api/v1/estates/route.ts
FN:6,POST
FN:24,(anonymous_2)
FNF:2
FNH:0
FNDA:0,POST
FNDA:0,(anonymous_2)
DA:2,0
DA:3,0
DA:6,0
DA:7,0
DA:8,0
DA:9,0
DA:11,0
DA:12,0
DA:13,0
DA:17,0
DA:20,0
DA:21,0
DA:24,0
DA:25,0
DA:27,0
DA:37,0
DA:39,0
DA:40,0
LF:18
LH:0
BRDA:11,0,0,0
BRDA:11,0,1,0
BRDA:11,1,0,0
BRDA:11,1,1,0
BRDA:11,1,2,0
BRDA:12,2,0,0
BRDA:12,2,1,0
BRDA:12,3,0,0
BRDA:12,3,1,0
BRDA:12,3,2,0
BRDA:12,3,3,0
BRDA:17,4,0,0
BRDA:17,4,1,0
BRDA:21,5,0,0
BRDA:21,5,1,0
BRDA:21,6,0,0
BRDA:21,6,1,0
BRDA:24,7,0,0
BRDA:24,7,1,0
BRDA:25,8,0,0
BRDA:25,8,1,0
BRDA:33,9,0,0
BRDA:33,9,1,0
BRDA:39,10,0,0
BRDA:39,10,1,0
BRF:25
BRH:0
end_of_record
TN:
SF:src/app/api/v1/estates/[blockHeight]/route.ts
FN:5,GET
FN:22,(anonymous_2)
FNF:2
FNH:0
FNDA:0,GET
FNDA:0,(anonymous_2)
DA:2,0
DA:3,0
DA:5,0
DA:9,0
DA:10,0
DA:11,0
DA:12,0
DA:14,0
DA:22,0
DA:27,0
DA:29,0
DA:30,0
LF:12
LH:0
BRDA:12,0,0,0
BRDA:12,0,1,0
BRDA:12,1,0,0
BRDA:12,1,1,0
BRDA:29,2,0,0
BRDA:29,2,1,0
BRF:6
BRH:0
end_of_record
TN:
SF:src/app/api/v1/game/active/route.ts
FN:6,GET
FN:19,(anonymous_1)
FN:25,(anonymous_2)
FN:33,(anonymous_3)
FN:35,(anonymous_4)
FN:44,(anonymous_5)
FNF:6
FNH:0
FNDA:0,GET
FNDA:0,(anonymous_1)
FNDA:0,(anonymous_2)
FNDA:0,(anonymous_3)
FNDA:0,(anonymous_4)
FNDA:0,(anonymous_5)
DA:1,0
DA:2,0
DA:4,0
DA:6,0
DA:7,0
DA:9,0
DA:14,0
DA:15,0
DA:19,0
DA:20,0
DA:25,0
DA:28,0
DA:33,0
DA:35,0
DA:36,0
DA:37,0
DA:44,0
DA:46,0
DA:48,0
LF:19
LH:0
BRDA:14,0,0,0
BRDA:14,0,1,0
BRDA:40,1,0,0
BRDA:40,1,1,0
BRDA:41,2,0,0
BRDA:41,2,1,0
BRDA:41,3,0,0
BRDA:41,3,1,0
BRDA:41,4,0,0
BRDA:41,4,1,0
BRDA:41,5,0,0
BRDA:41,5,1,0
BRDA:41,6,0,0
BRDA:41,6,1,0
BRDA:42,7,0,0
BRDA:42,7,1,0
BRDA:42,8,0,0
BRDA:42,8,1,0
BRDA:42,9,0,0
BRDA:42,9,1,0
BRF:20
BRH:0
end_of_record
TN:
SF:src/app/api/v1/game/claim/route.ts
FN:6,POST
FNF:1
FNH:0
FNDA:0,POST
DA:1,0
DA:2,0
DA:3,0
DA:4,0
DA:6,0
DA:7,0
DA:8,0
DA:10,0
DA:11,0
DA:15,0
DA:16,0
DA:18,0
DA:19,0
DA:23,0
DA:24,0
DA:25,0
DA:27,0
DA:28,0
DA:32,0
DA:33,0
DA:37,0
DA:40,0
DA:41,0
DA:45,0
DA:46,0
DA:47,0
DA:51,0
DA:54,0
DA:57,0
DA:58,0
DA:61,0
DA:62,0
DA:63,0
DA:64,0
DA:67,0
DA:73,0
DA:74,0
DA:75,0
DA:78,0
DA:93,0
DA:99,0
DA:105,0
DA:112,0
DA:113,0
LF:44
LH:0
BRDA:10,0,0,0
BRDA:10,0,1,0
BRDA:10,1,0,0
BRDA:10,1,1,0
BRDA:10,1,2,0
BRDA:15,2,0,0
BRDA:15,2,1,0
BRDA:15,3,0,0
BRDA:15,3,1,0
BRDA:18,4,0,0
BRDA:18,4,1,0
BRDA:24,5,0,0
BRDA:24,5,1,0
BRDA:24,6,0,0
BRDA:24,6,1,0
BRDA:27,7,0,0
BRDA:27,7,1,0
BRDA:32,8,0,0
BRDA:32,8,1,0
BRDA:32,9,0,0
BRDA:32,9,1,0
BRDA:40,10,0,0
BRDA:40,10,1,0
BRDA:45,11,0,0
BRDA:45,11,1,0
BRDA:46,12,0,0
BRDA:46,12,1,0
BRDA:46,13,0,0
BRDA:46,13,1,0
BRDA:54,14,0,0
BRDA:54,14,1,0
BRDA:57,15,0,0
BRDA:57,15,1,0
BRDA:58,16,0,0
BRDA:58,16,1,0
BRDA:74,17,0,0
BRDA:74,17,1,0
BRF:37
BRH:0
end_of_record
TN:
SF:src/app/api/v1/game/elements/route.ts
FN:5,GET
FN:22,POST
FNF:2
FNH:0
FNDA:0,GET
FNDA:0,POST
DA:1,0
DA:2,0
DA:3,0
DA:5,0
DA:6,0
DA:7,0
DA:8,0
DA:10,0
DA:15,0
DA:17,0
DA:18,0
DA:22,0
DA:23,0
DA:24,0
DA:25,0
DA:27,0
DA:28,0
DA:32,0
DA:33,0
DA:35,0
DA:36,0
DA:40,0
DA:41,0
DA:42,0
DA:43,0
DA:45,0
DA:46,0
DA:50,0
DA:51,0
DA:52,0
DA:53,0
DA:56,0
DA:60,0
DA:62,0
DA:63,0
LF:35
LH:0
BRDA:7,0,0,0
BRDA:7,0,1,0
BRDA:8,1,0,0
BRDA:8,1,1,0
BRDA:27,2,0,0
BRDA:27,2,1,0
BRDA:27,3,0,0
BRDA:27,3,1,0
BRDA:27,3,2,0
BRDA:32,4,0,0
BRDA:32,4,1,0
BRDA:32,5,0,0
BRDA:32,5,1,0
BRDA:35,6,0,0
BRDA:35,6,1,0
BRDA:42,7,0,0
BRDA:42,7,1,0
BRDA:42,8,0,0
BRDA:42,8,1,0
BRDA:45,9,0,0
BRDA:45,9,1,0
BRDA:45,10,0,0
BRDA:45,10,1,0
BRDA:45,10,2,0
BRDA:53,11,0,0
BRDA:53,11,1,0
BRF:26
BRH:0
end_of_record
TN:
SF:src/app/api/v1/game/elements/[id]/route.ts
FN:5,PATCH
FN:38,DELETE
FNF:2
FNH:0
FNDA:0,PATCH
FNDA:0,DELETE
DA:1,0
DA:2,0
DA:3,0
DA:5,0
DA:6,0
DA:7,0
DA:8,0
DA:9,0
DA:12,0
DA:13,0
DA:15,0
DA:16,0
DA:19,0
DA:20,0
DA:21,0
DA:24,0
DA:25,0
DA:26,0
DA:27,0
DA:30,0
DA:31,0
DA:33,0
DA:34,0
DA:38,0
DA:39,0
DA:40,0
DA:41,0
DA:42,0
DA:45,0
DA:46,0
DA:48,0
DA:49,0
DA:52,0
DA:53,0
DA:54,0
DA:56,0
DA:57,0
DA:59,0
DA:60,0
LF:39
LH:0
BRDA:12,0,0,0
BRDA:12,0,1,0
BRDA:12,1,0,0
BRDA:12,1,1,0
BRDA:12,1,2,0
BRDA:15,2,0,0
BRDA:15,2,1,0
BRDA:20,3,0,0
BRDA:20,3,1,0
BRDA:21,4,0,0
BRDA:21,4,1,0
BRDA:27,5,0,0
BRDA:27,5,1,0
BRDA:45,6,0,0
BRDA:45,6,1,0
BRDA:45,7,0,0
BRDA:45,7,1,0
BRDA:45,7,2,0
BRDA:48,8,0,0
BRDA:48,8,1,0
BRDA:53,9,0,0
BRDA:53,9,1,0
BRDA:54,10,0,0
BRDA:54,10,1,0
BRF:24
BRH:0
end_of_record
TN:
SF:src/app/api/v1/game/leaderboard/route.ts
FN:4,GET
FNF:1
FNH:0
FNDA:0,GET
DA:1,0
DA:2,0
DA:4,0
DA:5,0
DA:6,0
DA:7,0
DA:8,0
DA:10,0
DA:12,0
DA:18,0
DA:20,0
DA:21,0
LF:12
LH:0
BRDA:6,0,0,0
BRDA:6,0,1,0
BRDA:7,1,0,0
BRDA:7,1,1,0
BRDA:8,2,0,0
BRDA:8,2,1,0
BRDA:10,3,0,0
BRDA:10,3,1,0
BRF:8
BRH:0
end_of_record
TN:
SF:src/app/api/v1/game/quests/route.ts
FN:5,GET
FN:22,POST
FNF:2
FNH:0
FNDA:0,GET
FNDA:0,POST
DA:1,0
DA:2,0
DA:3,0
DA:5,0
DA:6,0
DA:7,0
DA:8,0
DA:10,0
DA:15,0
DA:17,0
DA:18,0
DA:22,0
DA:23,0
DA:24,0
DA:25,0
DA:27,0
DA:28,0
DA:32,0
DA:33,0
DA:35,0
DA:36,0
DA:39,0
DA:40,0
DA:41,0
DA:45,0
DA:46,0
DA:47,0
DA:48,0
DA:51,0
DA:55,0
DA:57,0
DA:58,0
LF:32
LH:0
BRDA:7,0,0,0
BRDA:7,0,1,0
BRDA:8,1,0,0
BRDA:8,1,1,0
BRDA:27,2,0,0
BRDA:27,2,1,0
BRDA:27,3,0,0
BRDA:27,3,1,0
BRDA:27,3,2,0
BRDA:27,3,3,0
BRDA:32,4,0,0
BRDA:32,4,1,0
BRDA:32,5,0,0
BRDA:32,5,1,0
BRDA:35,6,0,0
BRDA:35,6,1,0
BRDA:40,7,0,0
BRDA:40,7,1,0
BRDA:40,8,0,0
BRDA:40,8,1,0
BRDA:48,9,0,0
BRDA:48,9,1,0
BRDA:52,10,0,0
BRDA:52,10,1,0
BRF:24
BRH:0
end_of_record
TN:
SF:src/app/api/v1/game/quests/[id]/route.ts
FN:5,PATCH
FN:39,DELETE
FNF:2
FNH:0
FNDA:0,PATCH
FNDA:0,DELETE
DA:1,0
DA:2,0
DA:3,0
DA:5,0
DA:6,0
DA:7,0
DA:8,0
DA:9,0
DA:12,0
DA:13,0
DA:15,0
DA:16,0
DA:19,0
DA:20,0
DA:21,0
DA:24,0
DA:25,0
DA:26,0
DA:27,0
DA:29,0
DA:31,0
DA:32,0
DA:34,0
DA:35,0
DA:39,0
DA:40,0
DA:41,0
DA:42,0
DA:43,0
DA:46,0
DA:47,0
DA:49,0
DA:50,0
DA:53,0
DA:54,0
DA:55,0
DA:57,0
DA:58,0
DA:60,0
DA:61,0
LF:40
LH:0
BRDA:12,0,0,0
BRDA:12,0,1,0
BRDA:12,1,0,0
BRDA:12,1,1,0
BRDA:12,1,2,0
BRDA:15,2,0,0
BRDA:15,2,1,0
BRDA:20,3,0,0
BRDA:20,3,1,0
BRDA:21,4,0,0
BRDA:21,4,1,0
BRDA:27,5,0,0
BRDA:27,5,1,0
BRDA:29,6,0,0
BRDA:29,6,1,0
BRDA:29,7,0,0
BRDA:29,7,1,0
BRDA:46,8,0,0
BRDA:46,8,1,0
BRDA:46,9,0,0
BRDA:46,9,1,0
BRDA:46,9,2,0
BRDA:49,10,0,0
BRDA:49,10,1,0
BRDA:54,11,0,0
BRDA:54,11,1,0
BRDA:55,12,0,0
BRDA:55,12,1,0
BRF:28
BRH:0
end_of_record
TN:
SF:src/app/api/v1/game/state/route.ts
FN:5,GET
FN:28,POST
FNF:2
FNH:0
FNDA:0,GET
FNDA:0,POST
DA:1,0
DA:2,0
DA:3,0
DA:5,0
DA:6,0
DA:7,0
DA:8,0
DA:9,0
DA:11,0
DA:15,0
DA:16,0
DA:21,0
DA:23,0
DA:24,0
DA:28,0
DA:29,0
DA:30,0
DA:31,0
DA:33,0
DA:34,0
DA:38,0
DA:39,0
DA:41,0
DA:42,0
DA:46,0
DA:47,0
DA:48,0
DA:49,0
DA:52,0
DA:58,0
DA:60,0
DA:61,0
LF:32
LH:0
BRDA:7,0,0,0
BRDA:7,0,1,0
BRDA:8,1,0,0
BRDA:8,1,1,0
BRDA:9,2,0,0
BRDA:9,2,1,0
BRDA:9,3,0,0
BRDA:9,3,1,0
BRDA:15,4,0,0
BRDA:15,4,1,0
BRDA:33,5,0,0
BRDA:33,5,1,0
BRDA:33,6,0,0
BRDA:33,6,1,0
BRDA:38,7,0,0
BRDA:38,7,1,0
BRDA:38,8,0,0
BRDA:38,8,1,0
BRDA:41,9,0,0
BRDA:41,9,1,0
BRDA:49,10,0,0
BRDA:49,10,1,0
BRF:22
BRH:0
end_of_record
TN:
SF:src/app/api/v1/guardian/route.ts
FN:9,sanitizeGuardian
FN:17,POST
FN:99,GET
FN:114,(anonymous_4)
FNF:4
FNH:0
FNDA:0,sanitizeGuardian
FNDA:0,POST
FNDA:0,GET
FNDA:0,(anonymous_4)
DA:1,0
DA:2,0
DA:3,0
DA:4,0
DA:5,0
DA:7,0
DA:10,0
DA:17,0
DA:18,0
DA:19,0
DA:25,0
DA:27,0
DA:28,0
DA:32,0
DA:33,0
DA:34,0
DA:35,0
DA:38,0
DA:39,0
DA:41,0
DA:42,0
DA:46,0
DA:47,0
DA:52,0
DA:53,0
DA:56,0
DA:92,0
DA:94,0
DA:95,0
DA:99,0
DA:100,0
DA:101,0
DA:102,0
DA:103,0
DA:105,0
DA:106,0
DA:109,0
DA:110,0
DA:111,0
DA:113,0
DA:114,0
DA:116,0
DA:117,0
LF:43
LH:0
BRDA:13,0,0,0
BRDA:13,0,1,0
BRDA:27,1,0,0
BRDA:27,1,1,0
BRDA:27,2,0,0
BRDA:27,2,1,0
BRDA:27,2,2,0
BRDA:33,3,0,0
BRDA:33,3,1,0
BRDA:34,4,0,0
BRDA:34,4,1,0
BRDA:35,5,0,0
BRDA:35,5,1,0
BRDA:38,6,0,0
BRDA:38,6,1,0
BRDA:38,7,0,0
BRDA:38,7,1,0
BRDA:41,8,0,0
BRDA:41,8,1,0
BRDA:46,9,0,0
BRDA:46,9,1,0
BRDA:46,10,0,0
BRDA:46,10,1,0
BRDA:52,11,0,0
BRDA:52,11,1,0
BRDA:60,12,0,0
BRDA:60,12,1,0
BRDA:61,13,0,0
BRDA:61,13,1,0
BRDA:62,14,0,0
BRDA:62,14,1,0
BRDA:63,15,0,0
BRDA:63,15,1,0
BRDA:64,16,0,0
BRDA:64,16,1,0
BRDA:65,17,0,0
BRDA:65,17,1,0
BRDA:66,18,0,0
BRDA:66,18,1,0
BRDA:67,19,0,0
BRDA:67,19,1,0
BRDA:68,20,0,0
BRDA:68,20,1,0
BRDA:69,21,0,0
BRDA:69,21,1,0
BRDA:70,22,0,0
BRDA:70,22,1,0
BRDA:71,23,0,0
BRDA:71,23,1,0
BRDA:72,24,0,0
BRDA:72,24,1,0
BRDA:85,25,0,0
BRDA:85,25,1,0
BRDA:87,26,0,0
BRDA:87,26,1,0
BRDA:105,27,0,0
BRDA:105,27,1,0
BRDA:105,28,0,0
BRDA:105,28,1,0
BRDA:110,29,0,0
BRDA:110,29,1,0
BRDA:111,30,0,0
BRDA:111,30,1,0
BRF:63
BRH:0
end_of_record
TN:
SF:src/app/api/v1/guardian/[id]/route.ts
FN:5,sanitizeGuardian
FN:9,GET
FN:21,PATCH
FN:36,(anonymous_13)
FN:69,DELETE
FN:84,(anonymous_15)
FNF:6
FNH:0
FNDA:0,sanitizeGuardian
FNDA:0,GET
FNDA:0,PATCH
FNDA:0,(anonymous_13)
FNDA:0,DELETE
FNDA:0,(anonymous_15)
DA:1,0
DA:2,0
DA:3,0
DA:6,0
DA:9,0
DA:10,0
DA:11,0
DA:12,0
DA:13,0
DA:14,0
DA:16,0
DA:17,0
DA:21,0
DA:22,0
DA:23,0
DA:24,0
DA:27,0
DA:28,0
DA:29,0
DA:31,0
DA:32,0
DA:33,0
DA:34,0
DA:36,0
DA:37,0
DA:38,0
DA:42,0
DA:49,0
DA:50,0
DA:51,0
DA:52,0
DA:57,0
DA:58,0
DA:61,0
DA:62,0
DA:64,0
DA:65,0
DA:69,0
DA:70,0
DA:71,0
DA:72,0
DA:73,0
DA:74,0
DA:75,0
DA:76,0
DA:77,0
DA:79,0
DA:80,0
DA:81,0
DA:82,0
DA:84,0
DA:85,0
DA:86,0
DA:88,0
DA:89,0
DA:91,0
DA:92,0
LF:57
LH:0
BRDA:13,0,0,0
BRDA:13,0,1,0
BRDA:28,1,0,0
BRDA:28,1,1,0
BRDA:28,2,0,0
BRDA:28,2,1,0
BRDA:28,2,2,0
BRDA:32,3,0,0
BRDA:32,3,1,0
BRDA:33,4,0,0
BRDA:33,4,1,0
BRDA:37,5,0,0
BRDA:37,5,1,0
BRDA:51,6,0,0
BRDA:51,6,1,0
BRDA:52,7,0,0
BRDA:52,7,1,0
BRDA:57,8,0,0
BRDA:57,8,1,0
BRDA:76,9,0,0
BRDA:76,9,1,0
BRDA:76,10,0,0
BRDA:76,10,1,0
BRDA:76,10,2,0
BRDA:80,11,0,0
BRDA:80,11,1,0
BRDA:81,12,0,0
BRDA:81,12,1,0
BRDA:85,13,0,0
BRDA:85,13,1,0
BRF:30
BRH:0
end_of_record
TN:
SF:src/app/api/v1/guardian/chat/route.ts
FN:8,stripControlChars
FN:13,POST
FN:61,(anonymous_3)
FN:105,(anonymous_4)
FN:130,(anonymous_5)
FN:171,isBuildRequest
FN:173,(anonymous_7)
FN:193,generateBuildActions
FN:233,buildSystemPrompt
FN:320,extractWorldActions
FN:359,executeWorldActions
FN:468,storeMessage
FNF:12
FNH:0
FNDA:0,stripControlChars
FNDA:0,POST
FNDA:0,(anonymous_3)
FNDA:0,(anonymous_4)
FNDA:0,(anonymous_5)
FNDA:0,isBuildRequest
FNDA:0,(anonymous_7)
FNDA:0,generateBuildActions
FNDA:0,buildSystemPrompt
FNDA:0,extractWorldActions
FNDA:0,executeWorldActions
FNDA:0,storeMessage
DA:1,0
DA:2,0
DA:3,0
DA:4,0
DA:5,0
DA:10,0
DA:13,0
DA:14,0
DA:15,0
DA:17,0
DA:18,0
DA:22,0
DA:23,0
DA:27,0
DA:31,0
DA:32,0
DA:33,0
DA:34,0
DA:38,0
DA:42,0
DA:46,0
DA:47,0
DA:51,0
DA:57,0
DA:58,0
DA:59,0
DA:60,0
DA:61,0
DA:62,0
DA:63,0
DA:64,0
DA:70,0
DA:71,0
DA:72,0
DA:75,0
DA:76,0
DA:77,0
DA:78,0
DA:79,0
DA:83,0
DA:85,0
DA:98,0
DA:99,0
DA:100,0
DA:101,0
DA:102,0
DA:103,0
DA:104,0
DA:105,0
DA:109,0
DA:115,0
DA:116,0
DA:117,0
DA:118,0
DA:127,0
DA:128,0
DA:129,0
DA:130,0
DA:133,0
DA:136,0
DA:137,0
DA:141,0
DA:142,0
DA:146,0
DA:154,0
DA:155,0
DA:156,0
DA:158,0
DA:159,0
DA:163,0
DA:172,0
DA:173,0
DA:176,0
DA:201,0
DA:212,0
DA:215,0
DA:216,0
DA:217,0
DA:221,0
DA:222,0
DA:223,0
DA:224,0
DA:225,0
DA:229,0
DA:230,0
DA:234,0
DA:235,0
DA:236,0
DA:237,0
DA:238,0
DA:239,0
DA:317,0
DA:321,0
DA:322,0
DA:324,0
DA:325,0
DA:326,0
DA:327,0
DA:330,0
DA:360,0
DA:362,0
DA:363,0
DA:364,0
DA:365,0
DA:366,0
DA:386,0
DA:388,0
DA:389,0
DA:390,0
DA:391,0
DA:392,0
DA:412,0
DA:414,0
DA:416,0
DA:417,0
DA:422,0
DA:423,0
DA:424,0
DA:425,0
DA:426,0
DA:427,0
DA:432,0
DA:434,0
DA:435,0
DA:436,0
DA:437,0
DA:438,0
DA:439,0
DA:440,0
DA:441,0
DA:442,0
DA:443,0
DA:444,0
DA:445,0
DA:448,0
DA:450,0
DA:451,0
DA:453,0
DA:454,0
DA:455,0
DA:457,0
DA:458,0
DA:459,0
DA:462,0
DA:465,0
DA:472,0
DA:473,0
DA:474,0
DA:476,0
DA:477,0
DA:478,0
DA:479,0
DA:480,0
DA:481,0
DA:482,0
DA:486,0
DA:490,0
DA:498,0
LF:158
LH:0
BRDA:17,0,0,0
BRDA:17,0,1,0
BRDA:17,1,0,0
BRDA:17,1,1,0
BRDA:22,2,0,0
BRDA:22,2,1,0
BRDA:22,3,0,0
BRDA:22,3,1,0
BRDA:32,4,0,0
BRDA:32,4,1,0
BRDA:32,5,0,0
BRDA:32,5,1,0
BRDA:32,5,2,0
BRDA:33,6,0,0
BRDA:33,6,1,0
BRDA:46,7,0,0
BRDA:46,7,1,0
BRDA:57,8,0,0
BRDA:57,8,1,0
BRDA:62,9,0,0
BRDA:62,9,1,0
BRDA:70,10,0,0
BRDA:70,10,1,0
BRDA:70,11,0,0
BRDA:70,11,1,0
BRDA:70,11,2,0
BRDA:76,12,0,0
BRDA:76,12,1,0
BRDA:78,13,0,0
BRDA:78,13,1,0
BRDA:89,14,0,0
BRDA:89,14,1,0
BRDA:100,15,0,0
BRDA:100,15,1,0
BRDA:101,16,0,0
BRDA:101,16,1,0
BRDA:104,17,0,0
BRDA:104,17,1,0
BRDA:105,18,0,0
BRDA:105,18,1,0
BRDA:115,19,0,0
BRDA:115,19,1,0
BRDA:115,20,0,0
BRDA:115,20,1,0
BRDA:115,20,2,0
BRDA:122,21,0,0
BRDA:122,21,1,0
BRDA:127,22,0,0
BRDA:127,22,1,0
BRDA:129,23,0,0
BRDA:129,23,1,0
BRDA:130,24,0,0
BRDA:130,24,1,0
BRDA:217,25,0,0
BRDA:217,25,1,0
BRDA:222,26,0,0
BRDA:222,26,1,0
BRDA:225,27,0,0
BRDA:225,27,1,0
BRDA:235,28,0,0
BRDA:235,28,1,0
BRDA:237,29,0,0
BRDA:237,29,1,0
BRDA:327,30,0,0
BRDA:327,30,1,0
BRDA:364,31,0,0
BRDA:364,31,1,0
BRDA:364,32,0,0
BRDA:364,32,1,0
BRDA:370,33,0,0
BRDA:370,33,1,0
BRDA:370,34,0,0
BRDA:370,34,1,0
BRDA:371,35,0,0
BRDA:371,35,1,0
BRDA:371,36,0,0
BRDA:371,36,1,0
BRDA:372,37,0,0
BRDA:372,37,1,0
BRDA:373,38,0,0
BRDA:373,38,1,0
BRDA:374,39,0,0
BRDA:374,39,1,0
BRDA:375,40,0,0
BRDA:375,40,1,0
BRDA:376,41,0,0
BRDA:376,41,1,0
BRDA:377,42,0,0
BRDA:377,42,1,0
BRDA:378,43,0,0
BRDA:378,43,1,0
BRDA:379,44,0,0
BRDA:379,44,1,0
BRDA:380,45,0,0
BRDA:380,45,1,0
BRDA:381,46,0,0
BRDA:381,46,1,0
BRDA:382,47,0,0
BRDA:382,47,1,0
BRDA:382,48,0,0
BRDA:382,48,1,0
BRDA:386,49,0,0
BRDA:386,49,1,0
BRDA:386,49,2,0
BRDA:388,50,0,0
BRDA:388,50,1,0
BRDA:389,51,0,0
BRDA:389,51,1,0
BRDA:397,52,0,0
BRDA:397,52,1,0
BRDA:398,53,0,0
BRDA:398,53,1,0
BRDA:399,54,0,0
BRDA:399,54,1,0
BRDA:400,55,0,0
BRDA:400,55,1,0
BRDA:401,56,0,0
BRDA:401,56,1,0
BRDA:402,57,0,0
BRDA:402,57,1,0
BRDA:403,58,0,0
BRDA:403,58,1,0
BRDA:404,59,0,0
BRDA:404,59,1,0
BRDA:405,60,0,0
BRDA:405,60,1,0
BRDA:406,61,0,0
BRDA:406,61,1,0
BRDA:407,62,0,0
BRDA:407,62,1,0
BRDA:408,63,0,0
BRDA:408,63,1,0
BRDA:416,64,0,0
BRDA:416,64,1,0
BRDA:416,65,0,0
BRDA:416,65,1,0
BRDA:422,66,0,0
BRDA:422,66,1,0
BRDA:422,66,2,0
BRDA:422,66,3,0
BRDA:422,66,4,0
BRDA:424,67,0,0
BRDA:424,67,1,0
BRDA:425,68,0,0
BRDA:425,68,1,0
BRDA:426,69,0,0
BRDA:426,69,1,0
BRDA:432,70,0,0
BRDA:432,70,1,0
BRDA:434,71,0,0
BRDA:434,71,1,0
BRDA:435,72,0,0
BRDA:435,72,1,0
BRDA:436,73,0,0
BRDA:436,73,1,0
BRDA:437,74,0,0
BRDA:437,74,1,0
BRDA:441,75,0,0
BRDA:441,75,1,0
BRDA:442,76,0,0
BRDA:442,76,1,0
BRDA:443,77,0,0
BRDA:443,77,1,0
BRDA:450,78,0,0
BRDA:450,78,1,0
BRDA:453,79,0,0
BRDA:453,79,1,0
BRDA:453,80,0,0
BRDA:453,80,1,0
BRDA:457,81,0,0
BRDA:457,81,1,0
BRDA:473,82,0,0
BRDA:473,82,1,0
BRDA:474,83,0,0
BRDA:474,83,1,0
BRDA:476,84,0,0
BRDA:476,84,1,0
BRDA:478,85,0,0
BRDA:478,85,1,0
BRF:179
BRH:0
end_of_record
TN:
SF:src/app/api/v1/guardian/events/route.ts
FN:4,GET
FNF:1
FNH:0
FNDA:0,GET
DA:1,0
DA:2,0
DA:4,0
DA:5,0
DA:6,0
DA:7,0
DA:8,0
DA:9,0
DA:10,0
DA:12,0
DA:13,0
DA:16,0
DA:17,0
DA:18,0
DA:20,0
DA:26,0
DA:28,0
DA:29,0
LF:18
LH:0
BRDA:10,0,0,0
BRDA:10,0,1,0
BRDA:12,1,0,0
BRDA:12,1,1,0
BRDA:17,2,0,0
BRDA:17,2,1,0
BRDA:18,3,0,0
BRDA:18,3,1,0
BRDA:18,4,0,0
BRDA:18,4,1,0
BRF:10
BRH:0
end_of_record
TN:
SF:src/app/api/v1/guardian/heartbeat/route.ts
FN:5,POST
FNF:1
FNH:0
FNDA:0,POST
DA:1,0
DA:2,0
DA:3,0
DA:5,0
DA:6,0
DA:7,0
DA:9,0
DA:10,0
DA:13,0
DA:14,0
DA:15,0
DA:18,0
DA:19,0
DA:23,0
DA:24,0
DA:27,0
DA:32,0
DA:34,0
DA:35,0
LF:19
LH:0
BRDA:9,0,0,0
BRDA:9,0,1,0
BRDA:9,1,0,0
BRDA:9,1,1,0
BRDA:9,1,2,0
BRDA:9,1,3,0
BRDA:14,2,0,0
BRDA:14,2,1,0
BRDA:15,3,0,0
BRDA:15,3,1,0
BRDA:18,4,0,0
BRDA:18,4,1,0
BRDA:23,5,0,0
BRDA:23,5,1,0
BRF:14
BRH:0
end_of_record
TN:
SF:src/app/api/v1/guardian/monitor/route.ts
FN:7,POST
FN:37,DELETE
FNF:2
FNH:0
FNDA:0,POST
FNDA:0,DELETE
DA:2,0
DA:3,0
DA:4,0
DA:5,0
DA:7,0
DA:8,0
DA:9,0
DA:11,0
DA:12,0
DA:15,0
DA:16,0
DA:19,0
DA:23,0
DA:24,0
DA:25,0
DA:28,0
DA:30,0
DA:32,0
DA:33,0
DA:37,0
DA:38,0
DA:39,0
DA:41,0
DA:42,0
DA:45,0
DA:46,0
DA:49,0
DA:53,0
DA:54,0
DA:55,0
DA:58,0
DA:60,0
DA:62,0
DA:63,0
LF:34
LH:0
BRDA:11,0,0,0
BRDA:11,0,1,0
BRDA:11,1,0,0
BRDA:11,1,1,0
BRDA:11,1,2,0
BRDA:11,1,3,0
BRDA:15,2,0,0
BRDA:15,2,1,0
BRDA:23,3,0,0
BRDA:23,3,1,0
BRDA:24,4,0,0
BRDA:24,4,1,0
BRDA:32,5,0,0
BRDA:32,5,1,0
BRDA:41,6,0,0
BRDA:41,6,1,0
BRDA:41,7,0,0
BRDA:41,7,1,0
BRDA:41,7,2,0
BRDA:41,7,3,0
BRDA:45,8,0,0
BRDA:45,8,1,0
BRDA:53,9,0,0
BRDA:53,9,1,0
BRDA:54,10,0,0
BRDA:54,10,1,0
BRDA:62,11,0,0
BRDA:62,11,1,0
BRF:28
BRH:0
end_of_record
TN:
SF:src/app/api/v1/guardian/monitor/command/route.ts
FN:16,POST
FNF:1
FNH:0
FNDA:0,POST
DA:2,0
DA:3,0
DA:4,0
DA:6,0
DA:16,0
DA:17,0
DA:18,0
DA:20,0
DA:21,0
DA:24,0
DA:25,0
DA:28,0
DA:32,0
DA:34,0
DA:36,0
DA:37,0
DA:41,0
DA:45,0
DA:46,0
DA:50,0
DA:54,0
DA:55,0
DA:59,0
DA:63,0
DA:64,0
DA:68,0
DA:72,0
DA:76,0
DA:80,0
DA:84,0
DA:88,0
DA:91,0
DA:94,0
DA:112,0
DA:115,0
DA:116,0
LF:36
LH:0
BRDA:20,0,0,0
BRDA:20,0,1,0
BRDA:20,1,0,0
BRDA:20,1,1,0
BRDA:24,2,0,0
BRDA:24,2,1,0
BRDA:32,3,0,0
BRDA:32,3,1,0
BRDA:34,4,0,0
BRDA:34,4,1,0
BRDA:34,4,2,0
BRDA:34,4,3,0
BRDA:34,4,4,0
BRDA:34,4,5,0
BRDA:34,4,6,0
BRDA:34,4,7,0
BRDA:36,5,0,0
BRDA:36,5,1,0
BRDA:36,6,0,0
BRDA:36,6,1,0
BRDA:36,7,0,0
BRDA:36,7,1,0
BRDA:45,8,0,0
BRDA:45,8,1,0
BRDA:45,9,0,0
BRDA:45,9,1,0
BRDA:45,10,0,0
BRDA:45,10,1,0
BRDA:54,11,0,0
BRDA:54,11,1,0
BRDA:54,12,0,0
BRDA:54,12,1,0
BRDA:54,13,0,0
BRDA:54,13,1,0
BRDA:63,14,0,0
BRDA:63,14,1,0
BRDA:63,15,0,0
BRDA:63,15,1,0
BRDA:63,16,0,0
BRDA:63,16,1,0
BRDA:115,17,0,0
BRDA:115,17,1,0
BRF:42
BRH:0
end_of_record
TN:
SF:src/app/api/v1/guardian/monitor/conversations/route.ts
FN:6,GET
FN:33,(anonymous_2)
FNF:2
FNH:0
FNDA:0,GET
FNDA:0,(anonymous_2)
DA:2,0
DA:3,0
DA:4,0
DA:6,0
DA:7,0
DA:8,0
DA:9,0
DA:10,0
DA:11,0
DA:13,0
DA:15,0
DA:19,0
DA:21,0
DA:22,0
DA:23,0
DA:26,0
DA:32,0
DA:33,0
DA:39,0
DA:40,0
LF:20
LH:0
BRDA:10,0,0,0
BRDA:10,0,1,0
BRDA:13,1,0,0
BRDA:13,1,1,0
BRDA:19,2,0,0
BRDA:19,2,1,0
BRDA:22,3,0,0
BRDA:22,3,1,0
BRDA:39,4,0,0
BRDA:39,4,1,0
BRF:10
BRH:0
end_of_record
TN:
SF:src/app/api/v1/guardian/monitor/events/route.ts
FN:6,GET
FN:33,(anonymous_2)
FNF:2
FNH:0
FNDA:0,GET
FNDA:0,(anonymous_2)
DA:2,0
DA:3,0
DA:4,0
DA:6,0
DA:7,0
DA:8,0
DA:9,0
DA:10,0
DA:11,0
DA:13,0
DA:15,0
DA:19,0
DA:21,0
DA:22,0
DA:23,0
DA:26,0
DA:32,0
DA:33,0
DA:39,0
DA:40,0
LF:20
LH:0
BRDA:10,0,0,0
BRDA:10,0,1,0
BRDA:11,1,0,0
BRDA:11,1,1,0
BRDA:13,2,0,0
BRDA:13,2,1,0
BRDA:19,3,0,0
BRDA:19,3,1,0
BRDA:22,4,0,0
BRDA:22,4,1,0
BRDA:35,5,0,0
BRDA:35,5,1,0
BRDA:39,6,0,0
BRDA:39,6,1,0
BRF:14
BRH:0
end_of_record
TN:
SF:src/app/api/v1/guardian/monitor/pair/route.ts
FN:14,POST
FNF:1
FNH:0
FNDA:0,POST
DA:2,0
DA:3,0
DA:4,0
DA:14,0
DA:15,0
DA:16,0
DA:17,0
DA:18,0
DA:20,0
DA:22,0
DA:24,0
DA:25,0
DA:29,0
DA:30,0
DA:33,0
DA:46,0
DA:49,0
DA:50,0
DA:55,0
DA:56,0
DA:57,0
DA:58,0
DA:63,0
DA:64,0
DA:68,0
DA:77,0
DA:86,0
DA:87,0
LF:28
LH:0
BRDA:17,0,0,0
BRDA:17,0,1,0
BRDA:17,1,0,0
BRDA:17,1,1,0
BRDA:17,2,0,0
BRDA:17,2,1,0
BRDA:24,3,0,0
BRDA:24,3,1,0
BRDA:24,4,0,0
BRDA:24,4,1,0
BRDA:30,5,0,0
BRDA:30,5,1,0
BRDA:46,6,0,0
BRDA:46,6,1,0
BRDA:49,7,0,0
BRDA:49,7,1,0
BRDA:49,8,0,0
BRDA:49,8,1,0
BRDA:58,9,0,0
BRDA:58,9,1,0
BRDA:63,10,0,0
BRDA:63,10,1,0
BRDA:71,11,0,0
BRDA:71,11,1,0
BRDA:73,12,0,0
BRDA:73,12,1,0
BRF:26
BRH:0
end_of_record
TN:
SF:src/app/api/v1/guardian/monitor/summary/route.ts
FN:6,GET
FN:64,(anonymous_2)
FNF:2
FNH:0
FNDA:0,GET
FNDA:0,(anonymous_2)
DA:2,0
DA:3,0
DA:4,0
DA:6,0
DA:7,0
DA:8,0
DA:9,0
DA:10,0
DA:12,0
DA:14,0
DA:18,0
DA:20,0
DA:22,0
DA:36,0
DA:37,0
DA:38,0
DA:40,0
DA:41,0
DA:42,0
DA:43,0
DA:44,0
DA:45,0
DA:46,0
DA:52,0
DA:55,0
DA:65,0
DA:66,0
DA:73,0
DA:74,0
LF:29
LH:0
BRDA:10,0,0,0
BRDA:10,0,1,0
BRDA:12,1,0,0
BRDA:12,1,1,0
BRDA:18,2,0,0
BRDA:18,2,1,0
BRDA:43,3,0,0
BRDA:43,3,1,0
BRDA:44,4,0,0
BRDA:44,4,1,0
BRDA:46,5,0,0
BRDA:46,5,1,0
BRDA:52,6,0,0
BRDA:52,6,1,0
BRDA:65,7,0,0
BRDA:65,7,1,0
BRDA:73,8,0,0
BRDA:73,8,1,0
BRF:18
BRH:0
end_of_record
TN:
SF:src/app/api/v1/heartbeat/route.ts
FN:20,GET
FNF:1
FNH:0
FNDA:0,GET
DA:14,0
DA:15,0
DA:17,0
DA:18,0
DA:20,0
DA:22,0
DA:23,0
DA:24,0
DA:26,0
DA:27,0
DA:28,0
DA:29,0
DA:31,0
DA:32,0
DA:35,0
DA:36,0
DA:38,0
DA:46,0
DA:47,0
LF:19
LH:0
BRDA:26,0,0,0
BRDA:26,0,1,0
BRDA:27,1,0,0
BRDA:27,1,1,0
BRDA:31,2,0,0
BRDA:31,2,1,0
BRDA:31,3,0,0
BRDA:31,3,1,0
BRDA:41,4,0,0
BRDA:41,4,1,0
BRDA:48,5,0,0
BRDA:48,5,1,0
BRF:12
BRH:0
end_of_record
TN:
SF:src/app/api/v1/history/route.ts
FN:7,GET
FNF:1
FNH:0
FNDA:0,GET
DA:2,0
DA:3,0
DA:5,0
DA:7,0
DA:8,0
DA:9,0
DA:10,0
DA:12,0
DA:13,0
DA:15,0
DA:17,0
DA:18,0
DA:19,0
DA:24,0
DA:25,0
DA:28,0
DA:71,0
DA:81,0
DA:82,0
LF:19
LH:0
BRDA:10,0,0,0
BRDA:10,0,1,0
BRDA:12,1,0,0
BRDA:12,1,1,0
BRDA:18,2,0,0
BRDA:18,2,1,0
BRDA:18,3,0,0
BRDA:18,3,1,0
BRDA:25,4,0,0
BRDA:25,4,1,0
BRDA:81,5,0,0
BRDA:81,5,1,0
BRF:12
BRH:0
end_of_record
TN:
SF:src/app/api/v1/inscriptions/scan/route.ts
FN:16,GET
FN:42,(anonymous_1)
FNF:2
FNH:0
FNDA:0,GET
FNDA:0,(anonymous_1)
DA:2,0
DA:16,0
DA:17,0
DA:18,0
DA:19,0
DA:20,0
DA:22,0
DA:25,0
DA:26,0
DA:30,0
DA:31,0
DA:32,0
DA:33,0
DA:34,0
DA:35,0
DA:36,0
DA:41,0
DA:44,0
DA:45,0
DA:46,0
DA:47,0
DA:48,0
DA:52,0
DA:53,0
DA:54,0
DA:55,0
DA:56,0
DA:59,0
DA:63,0
DA:64,0
DA:65,0
DA:66,0
DA:67,0
DA:68,0
DA:69,0
DA:70,0
DA:71,0
DA:72,0
DA:73,0
DA:74,0
DA:79,0
DA:82,0
DA:84,0
DA:85,0
LF:44
LH:0
BRDA:19,0,0,0
BRDA:19,0,1,0
BRDA:20,1,0,0
BRDA:20,1,1,0
BRDA:20,2,0,0
BRDA:20,2,1,0
BRDA:30,3,0,0
BRDA:30,3,1,0
BRDA:32,4,0,0
BRDA:32,4,1,0
BRDA:32,5,0,0
BRDA:32,5,1,0
BRDA:32,6,0,0
BRDA:32,6,1,0
BRDA:32,7,0,0
BRDA:32,7,1,0
BRDA:32,8,0,0
BRDA:32,8,1,0
BRDA:35,9,0,0
BRDA:35,9,1,0
BRDA:36,10,0,0
BRDA:36,10,1,0
BRDA:46,11,0,0
BRDA:46,11,1,0
BRDA:54,12,0,0
BRDA:54,12,1,0
BRDA:64,13,0,0
BRDA:64,13,1,0
BRDA:64,14,0,0
BRDA:64,14,1,0
BRDA:68,15,0,0
BRDA:68,15,1,0
BRDA:71,16,0,0
BRDA:71,16,1,0
BRF:34
BRH:0
end_of_record
TN:
SF:src/app/api/v1/leaderboard/route.ts
FN:4,GET
FN:8,POST
FNF:2
FNH:0
FNDA:0,GET
FNDA:0,POST
DA:1,0
DA:4,0
DA:5,0
DA:8,0
DA:9,0
LF:5
LH:0
BRF:0
BRH:0
end_of_record
TN:
SF:src/app/api/v1/lightning/invoice/route.ts
FN:10,POST
FNF:1
FNH:0
FNDA:0,POST
DA:7,0
DA:8,0
DA:10,0
DA:11,0
DA:12,0
DA:13,0
DA:15,0
DA:16,0
DA:23,0
DA:24,0
DA:25,0
DA:31,0
DA:37,0
DA:39,0
DA:40,0
DA:41,0
DA:42,0
LF:17
LH:0
BRDA:15,0,0,0
BRDA:15,0,1,0
BRDA:15,1,0,0
BRDA:15,1,1,0
BRDA:15,1,2,0
BRDA:24,2,0,0
BRDA:24,2,1,0
BRDA:24,3,0,0
BRDA:24,3,1,0
BRDA:24,3,2,0
BRDA:39,4,0,0
BRDA:39,4,1,0
BRDA:41,5,0,0
BRDA:41,5,1,0
BRDA:41,6,0,0
BRDA:41,6,1,0
BRDA:43,7,0,0
BRDA:43,7,1,0
BRDA:44,8,0,0
BRDA:44,8,1,0
BRF:20
BRH:0
end_of_record
TN:
SF:src/app/api/v1/lightning/status/[invoiceId]/route.ts
FN:9,GET
FNF:1
FNH:0
FNDA:0,GET
DA:6,0
DA:7,0
DA:9,0
DA:13,0
DA:14,0
DA:15,0
DA:16,0
DA:19,0
DA:20,0
DA:22,0
DA:23,0
LF:11
LH:0
BRDA:15,0,0,0
BRDA:15,0,1,0
BRDA:22,1,0,0
BRDA:22,1,1,0
BRF:4
BRH:0
end_of_record
TN:
SF:src/app/api/v1/livestream/route.ts
FN:8,GET
FN:31,POST
FN:76,DELETE
FN:108,getEmbedUrl
FNF:4
FNH:0
FNDA:0,GET
FNDA:0,POST
FNDA:0,DELETE
FNDA:0,getEmbedUrl
DA:1,0
DA:2,0
DA:3,0
DA:5,0
DA:8,0
DA:9,0
DA:10,0
DA:12,0
DA:17,0
DA:18,0
DA:21,0
DA:31,0
DA:32,0
DA:33,0
DA:34,0
DA:36,0
DA:37,0
DA:41,0
DA:42,0
DA:43,0
DA:47,0
DA:48,0
DA:49,0
DA:53,0
DA:54,0
DA:55,0
DA:59,0
DA:69,0
DA:71,0
DA:76,0
DA:77,0
DA:78,0
DA:79,0
DA:81,0
DA:82,0
DA:86,0
DA:87,0
DA:88,0
DA:91,0
DA:101,0
DA:103,0
DA:109,0
DA:110,0
DA:113,0
DA:114,0
DA:115,0
DA:116,0
DA:118,0
DA:119,0
DA:121,0
DA:125,0
DA:126,0
DA:127,0
DA:131,0
DA:132,0
DA:133,0
DA:136,0
DA:138,0
LF:58
LH:0
BRDA:9,0,0,0
BRDA:9,0,1,0
BRDA:10,1,0,0
BRDA:10,1,1,0
BRDA:17,2,0,0
BRDA:17,2,1,0
BRDA:17,3,0,0
BRDA:17,3,1,0
BRDA:17,4,0,0
BRDA:17,4,1,0
BRDA:36,5,0,0
BRDA:36,5,1,0
BRDA:36,6,0,0
BRDA:36,6,1,0
BRDA:36,6,2,0
BRDA:36,6,3,0
BRDA:36,6,4,0
BRDA:42,7,0,0
BRDA:42,7,1,0
BRDA:48,8,0,0
BRDA:48,8,1,0
BRDA:48,9,0,0
BRDA:48,9,1,0
BRDA:54,10,0,0
BRDA:54,10,1,0
BRDA:63,11,0,0
BRDA:63,11,1,0
BRDA:81,12,0,0
BRDA:81,12,1,0
BRDA:81,13,0,0
BRDA:81,13,1,0
BRDA:87,14,0,0
BRDA:87,14,1,0
BRDA:87,15,0,0
BRDA:87,15,1,0
BRDA:113,16,0,0
BRDA:113,16,1,0
BRDA:113,17,0,0
BRDA:113,17,1,0
BRDA:115,18,0,0
BRDA:115,18,1,0
BRDA:115,19,0,0
BRDA:115,19,1,0
BRDA:116,20,0,0
BRDA:116,20,1,0
BRDA:119,21,0,0
BRDA:119,21,1,0
BRDA:121,22,0,0
BRDA:121,22,1,0
BRDA:125,23,0,0
BRDA:125,23,1,0
BRDA:127,24,0,0
BRDA:127,24,1,0
BRDA:131,25,0,0
BRDA:131,25,1,0
BRDA:133,26,0,0
BRDA:133,26,1,0
BRF:57
BRH:0
end_of_record
TN:
SF:src/app/api/v1/livestream/active/route.ts
FN:6,getEmbedUrl
FN:27,GET
FN:44,(anonymous_2)
FNF:3
FNH:0
FNDA:0,getEmbedUrl
FNDA:0,GET
FNDA:0,(anonymous_2)
DA:1,0
DA:2,0
DA:4,0
DA:7,0
DA:8,0
DA:9,0
DA:10,0
DA:11,0
DA:12,0
DA:13,0
DA:15,0
DA:16,0
DA:17,0
DA:19,0
DA:20,0
DA:21,0
DA:23,0
DA:24,0
DA:27,0
DA:28,0
DA:29,0
DA:44,0
DA:55,0
DA:57,0
LF:24
LH:0
BRDA:9,0,0,0
BRDA:9,0,1,0
BRDA:9,1,0,0
BRDA:9,1,1,0
BRDA:11,2,0,0
BRDA:11,2,1,0
BRDA:11,3,0,0
BRDA:11,3,1,0
BRDA:12,4,0,0
BRDA:12,4,1,0
BRDA:12,5,0,0
BRDA:12,5,1,0
BRDA:13,6,0,0
BRDA:13,6,1,0
BRDA:15,7,0,0
BRDA:15,7,1,0
BRDA:17,8,0,0
BRDA:17,8,1,0
BRDA:19,9,0,0
BRDA:19,9,1,0
BRDA:21,10,0,0
BRDA:21,10,1,0
BRDA:47,11,0,0
BRDA:47,11,1,0
BRDA:48,12,0,0
BRDA:48,12,1,0
BRDA:48,13,0,0
BRDA:48,13,1,0
BRDA:48,14,0,0
BRDA:48,14,1,0
BRDA:49,15,0,0
BRDA:49,15,1,0
BRDA:50,16,0,0
BRDA:50,16,1,0
BRDA:50,17,0,0
BRDA:50,17,1,0
BRDA:50,18,0,0
BRDA:50,18,1,0
BRF:38
BRH:0
end_of_record
TN:
SF:src/app/api/v1/ownership/cron/route.ts
FN:14,GET
FN:43,(anonymous_2)
FN:46,(anonymous_3)
FN:53,(anonymous_4)
FNF:4
FNH:0
FNDA:0,GET
FNDA:0,(anonymous_2)
FNDA:0,(anonymous_3)
FNDA:0,(anonymous_4)
DA:2,0
DA:3,0
DA:4,0
DA:6,0
DA:7,0
DA:14,0
DA:15,0
DA:17,0
DA:18,0
DA:19,0
DA:21,0
DA:22,0
DA:29,0
DA:39,0
DA:40,0
DA:43,0
DA:44,0
DA:46,0
DA:48,0
DA:50,0
DA:53,0
DA:60,0
DA:61,0
DA:62,0
LF:24
LH:0
BRDA:7,0,0,0
BRDA:7,0,1,0
BRDA:19,1,0,0
BRDA:19,1,1,0
BRDA:19,2,0,0
BRDA:19,2,1,0
BRDA:19,3,0,0
BRDA:19,3,1,0
BRDA:21,4,0,0
BRDA:21,4,1,0
BRDA:39,5,0,0
BRDA:39,5,1,0
BRDA:61,6,0,0
BRDA:61,6,1,0
BRF:14
BRH:0
end_of_record
TN:
SF:src/app/api/v1/ownership/prep-transfer/route.ts
FN:12,POST
FNF:1
FNH:0
FNDA:0,POST
DA:2,0
DA:3,0
DA:4,0
DA:12,0
DA:13,0
DA:14,0
DA:15,0
DA:17,0
DA:18,0
DA:21,0
DA:22,0
DA:26,0
DA:27,0
DA:31,0
DA:32,0
DA:33,0
DA:37,0
DA:39,0
DA:51,0
DA:52,0
LF:20
LH:0
BRDA:17,0,0,0
BRDA:17,0,1,0
BRDA:17,1,0,0
BRDA:17,1,1,0
BRDA:17,1,2,0
BRDA:17,1,3,0
BRDA:21,2,0,0
BRDA:21,2,1,0
BRDA:26,3,0,0
BRDA:26,3,1,0
BRDA:32,4,0,0
BRDA:32,4,1,0
BRDA:32,5,0,0
BRDA:32,5,1,0
BRDA:44,6,0,0
BRDA:44,6,1,0
BRDA:46,7,0,0
BRDA:46,7,1,0
BRDA:51,8,0,0
BRDA:51,8,1,0
BRF:20
BRH:0
end_of_record
TN:
SF:src/app/api/v1/ownership/sync/route.ts
FN:11,POST
FNF:1
FNH:0
FNDA:0,POST
DA:2,0
DA:3,0
DA:4,0
DA:11,0
DA:12,0
DA:13,0
DA:14,0
DA:16,0
DA:17,0
DA:19,0
DA:20,0
DA:23,0
DA:24,0
DA:28,0
DA:29,0
DA:30,0
DA:33,0
DA:36,0
DA:37,0
DA:38,0
DA:39,0
DA:43,0
DA:44,0
DA:49,0
DA:52,0
DA:54,0
DA:55,0
LF:27
LH:0
BRDA:16,0,0,0
BRDA:16,0,1,0
BRDA:16,1,0,0
BRDA:16,1,1,0
BRDA:16,1,2,0
BRDA:19,2,0,0
BRDA:19,2,1,0
BRDA:23,3,0,0
BRDA:23,3,1,0
BRDA:29,4,0,0
BRDA:29,4,1,0
BRDA:38,5,0,0
BRDA:38,5,1,0
BRDA:38,6,0,0
BRDA:38,6,1,0
BRDA:43,7,0,0
BRDA:43,7,1,0
BRDA:43,8,0,0
BRDA:43,8,1,0
BRDA:43,8,2,0
BRDA:54,9,0,0
BRDA:54,9,1,0
BRF:22
BRH:0
end_of_record
TN:
SF:src/app/api/v1/ownership/verify/route.ts
FN:10,GET
FNF:1
FNH:0
FNDA:0,GET
DA:3,0
DA:4,0
DA:10,0
DA:11,0
DA:12,0
DA:13,0
DA:14,0
DA:17,0
DA:19,0
DA:29,0
DA:30,0
LF:11
LH:0
BRDA:12,0,0,0
BRDA:12,0,1,0
BRDA:13,1,0,0
BRDA:13,1,1,0
BRDA:13,2,0,0
BRDA:13,2,1,0
BRDA:29,3,0,0
BRDA:29,3,1,0
BRF:8
BRH:0
end_of_record
TN:
SF:src/app/api/v1/profiles/by-block/[height]/route.ts
FN:5,GET
FNF:1
FNH:0
FNDA:0,GET
DA:2,0
DA:3,0
DA:5,0
DA:9,0
DA:10,0
DA:11,0
DA:12,0
DA:14,0
DA:18,0
DA:20,0
DA:21,0
LF:11
LH:0
BRDA:12,0,0,0
BRDA:12,0,1,0
BRDA:20,1,0,0
BRDA:20,1,1,0
BRF:4
BRH:0
end_of_record
TN:
SF:src/app/api/v1/profiles/by-wallet/[address]/route.ts
FN:5,GET
FNF:1
FNH:0
FNDA:0,GET
DA:2,0
DA:3,0
DA:5,0
DA:9,0
DA:10,0
DA:12,0
DA:22,0
DA:24,0
DA:25,0
LF:9
LH:0
BRDA:24,0,0,0
BRDA:24,0,1,0
BRF:2
BRH:0
end_of_record
TN:
SF:src/app/api/v1/profiles/create/route.ts
FN:14,POST
FNF:1
FNH:0
FNDA:0,POST
DA:2,0
DA:3,0
DA:4,0
DA:5,0
DA:7,0
DA:14,0
DA:15,0
DA:16,0
DA:17,0
DA:19,0
DA:20,0
DA:23,0
DA:24,0
DA:28,0
DA:29,0
DA:31,0
DA:32,0
DA:36,0
DA:37,0
DA:38,0
DA:42,0
DA:43,0
DA:44,0
DA:48,0
DA:49,0
DA:50,0
DA:55,0
DA:60,0
DA:61,0
DA:63,0
DA:64,0
DA:65,0
DA:67,0
DA:71,0
DA:74,0
DA:75,0
DA:79,0
DA:83,0
DA:97,0
DA:101,0
DA:103,0
DA:105,0
DA:106,0
DA:108,0
DA:109,0
LF:45
LH:0
BRDA:19,0,0,0
BRDA:19,0,1,0
BRDA:19,1,0,0
BRDA:19,1,1,0
BRDA:19,1,2,0
BRDA:23,2,0,0
BRDA:23,2,1,0
BRDA:28,3,0,0
BRDA:28,3,1,0
BRDA:28,4,0,0
BRDA:28,4,1,0
BRDA:31,5,0,0
BRDA:31,5,1,0
BRDA:37,6,0,0
BRDA:37,6,1,0
BRDA:43,7,0,0
BRDA:43,7,1,0
BRDA:43,8,0,0
BRDA:43,8,1,0
BRDA:49,9,0,0
BRDA:49,9,1,0
BRDA:49,10,0,0
BRDA:49,10,1,0
BRDA:60,11,0,0
BRDA:60,11,1,0
BRDA:63,12,0,0
BRDA:63,12,1,0
BRDA:64,13,0,0
BRDA:64,13,1,0
BRDA:64,14,0,0
BRDA:64,14,1,0
BRDA:74,15,0,0
BRDA:74,15,1,0
BRDA:88,16,0,0
BRDA:88,16,1,0
BRDA:89,17,0,0
BRDA:89,17,1,0
BRDA:105,18,0,0
BRDA:105,18,1,0
BRDA:105,19,0,0
BRDA:105,19,1,0
BRDA:105,19,2,0
BRDA:108,20,0,0
BRDA:108,20,1,0
BRF:44
BRH:0
end_of_record
TN:
SF:src/app/api/v1/profiles/empire-stats/[address]/route.ts
FN:5,GET
FN:32,(anonymous_2)
FN:33,(anonymous_3)
FN:59,(anonymous_4)
FN:63,(anonymous_5)
FN:78,(anonymous_6)
FN:81,(anonymous_7)
FN:85,(anonymous_8)
FN:92,(anonymous_9)
FNF:9
FNH:0
FNDA:0,GET
FNDA:0,(anonymous_2)
FNDA:0,(anonymous_3)
FNDA:0,(anonymous_4)
FNDA:0,(anonymous_5)
FNDA:0,(anonymous_6)
FNDA:0,(anonymous_7)
FNDA:0,(anonymous_8)
FNDA:0,(anonymous_9)
DA:2,0
DA:3,0
DA:5,0
DA:9,0
DA:10,0
DA:11,0
DA:14,0
DA:29,0
DA:32,0
DA:33,0
DA:38,0
DA:50,0
DA:58,0
DA:59,0
DA:63,0
DA:64,0
DA:78,0
DA:80,0
DA:81,0
DA:84,0
DA:85,0
DA:90,0
DA:92,0
DA:93,0
DA:94,0
DA:95,0
DA:96,0
DA:97,0
DA:98,0
DA:100,0
DA:103,0
DA:114,0
DA:123,0
DA:124,0
LF:34
LH:0
BRDA:11,0,0,0
BRDA:11,0,1,0
BRDA:31,1,0,0
BRDA:31,1,1,0
BRDA:31,2,0,0
BRDA:31,2,1,0
BRDA:31,3,0,0
BRDA:31,3,1,0
BRDA:64,4,0,0
BRDA:64,4,1,0
BRDA:81,5,0,0
BRDA:81,5,1,0
BRDA:95,6,0,0
BRDA:95,6,1,0
BRDA:97,7,0,0
BRDA:97,7,1,0
BRDA:98,8,0,0
BRDA:98,8,1,0
BRDA:98,8,2,0
BRDA:108,9,0,0
BRDA:108,9,1,0
BRDA:108,10,0,0
BRDA:108,10,1,0
BRDA:108,11,0,0
BRDA:108,11,1,0
BRDA:109,12,0,0
BRDA:109,12,1,0
BRF:27
BRH:0
end_of_record
TN:
SF:src/app/api/v1/profiles/set-primary/route.ts
FN:5,PATCH
FNF:1
FNH:0
FNDA:0,PATCH
DA:2,0
DA:3,0
DA:5,0
DA:6,0
DA:7,0
DA:8,0
DA:10,0
DA:11,0
DA:15,0
DA:16,0
DA:18,0
DA:19,0
DA:23,0
DA:27,0
DA:28,0
DA:32,0
DA:43,0
DA:45,0
DA:46,0
LF:19
LH:0
BRDA:10,0,0,0
BRDA:10,0,1,0
BRDA:10,1,0,0
BRDA:10,1,1,0
BRDA:15,2,0,0
BRDA:15,2,1,0
BRDA:15,3,0,0
BRDA:15,3,1,0
BRDA:18,4,0,0
BRDA:18,4,1,0
BRDA:27,5,0,0
BRDA:27,5,1,0
BRDA:45,6,0,0
BRDA:45,6,1,0
BRF:14
BRH:0
end_of_record
TN:
SF:src/app/api/v1/profiles/update/route.ts
FN:5,PATCH
FNF:1
FNH:0
FNDA:0,PATCH
DA:2,0
DA:3,0
DA:5,0
DA:6,0
DA:7,0
DA:8,0
DA:10,0
DA:11,0
DA:15,0
DA:16,0
DA:18,0
DA:19,0
DA:22,0
DA:26,0
DA:27,0
DA:30,0
DA:31,0
DA:32,0
DA:34,0
DA:35,0
DA:38,0
DA:39,0
DA:41,0
DA:44,0
DA:49,0
DA:51,0
DA:52,0
LF:27
LH:0
BRDA:10,0,0,0
BRDA:10,0,1,0
BRDA:10,1,0,0
BRDA:10,1,1,0
BRDA:15,2,0,0
BRDA:15,2,1,0
BRDA:15,3,0,0
BRDA:15,3,1,0
BRDA:18,4,0,0
BRDA:18,4,1,0
BRDA:26,5,0,0
BRDA:26,5,1,0
BRDA:31,6,0,0
BRDA:31,6,1,0
BRDA:32,7,0,0
BRDA:32,7,1,0
BRDA:34,8,0,0
BRDA:34,8,1,0
BRDA:34,9,0,0
BRDA:34,9,1,0
BRDA:38,10,0,0
BRDA:38,10,1,0
BRDA:38,11,0,0
BRDA:38,11,1,0
BRF:24
BRH:0
end_of_record
TN:
SF:src/app/api/v1/search/route.ts
FN:9,GET
FN:66,(anonymous_2)
FN:68,(anonymous_3)
FN:72,(anonymous_4)
FN:73,(anonymous_5)
FN:78,(anonymous_6)
FN:85,(anonymous_7)
FN:93,(anonymous_8)
FNF:8
FNH:0
FNDA:0,GET
FNDA:0,(anonymous_2)
FNDA:0,(anonymous_3)
FNDA:0,(anonymous_4)
FNDA:0,(anonymous_5)
FNDA:0,(anonymous_6)
FNDA:0,(anonymous_7)
FNDA:0,(anonymous_8)
DA:1,0
DA:2,0
DA:9,0
DA:10,0
DA:11,0
DA:13,0
DA:14,0
DA:17,0
DA:18,0
DA:19,0
DA:21,0
DA:22,0
DA:63,0
DA:66,0
DA:68,0
DA:72,0
DA:73,0
DA:75,0
DA:78,0
DA:85,0
DA:93,0
DA:104,0
DA:105,0
LF:23
LH:0
BRDA:10,0,0,0
BRDA:10,0,1,0
BRDA:10,1,0,0
BRDA:10,1,1,0
BRDA:11,2,0,0
BRDA:11,2,1,0
BRDA:13,3,0,0
BRDA:13,3,1,0
BRDA:13,4,0,0
BRDA:13,4,1,0
BRDA:19,5,0,0
BRDA:19,5,1,0
BRDA:19,5,2,0
BRDA:43,6,0,0
BRDA:43,6,1,0
BRDA:48,7,0,0
BRDA:48,7,1,0
BRDA:63,8,0,0
BRDA:63,8,1,0
BRDA:91,9,0,0
BRDA:91,9,1,0
BRDA:99,10,0,0
BRDA:99,10,1,0
BRF:23
BRH:0
end_of_record
TN:
SF:src/app/api/v1/stats/route.ts
FN:7,GET
FNF:1
FNH:0
FNDA:0,GET
DA:1,0
DA:2,0
DA:4,0
DA:5,0
DA:7,0
DA:8,0
DA:9,0
DA:18,0
DA:20,0
LF:9
LH:0
BRF:0
BRH:0
end_of_record
TN:
SF:src/app/api/v1/tier/resolve/route.ts
FN:5,POST
FNF:1
FNH:0
FNDA:0,POST
DA:2,0
DA:3,0
DA:5,0
DA:6,0
DA:7,0
DA:8,0
DA:10,0
DA:11,0
DA:14,0
DA:15,0
DA:18,0
DA:19,0
DA:21,0
DA:23,0
DA:24,0
LF:15
LH:0
BRDA:10,0,0,0
BRDA:10,0,1,0
BRDA:10,1,0,0
BRDA:10,1,1,0
BRDA:14,2,0,0
BRDA:14,2,1,0
BRDA:14,3,0,0
BRDA:14,3,1,0
BRF:8
BRH:0
end_of_record
TN:
SF:src/app/api/v1/users/[address]/route.ts
FN:5,GET
FNF:1
FNH:0
FNDA:0,GET
DA:2,0
DA:3,0
DA:5,0
DA:9,0
DA:10,0
DA:12,0
DA:19,0
DA:22,0
DA:26,0
DA:35,0
DA:36,0
LF:11
LH:0
BRDA:19,0,0,0
BRDA:19,0,1,0
BRDA:35,1,0,0
BRDA:35,1,1,0
BRF:4
BRH:0
end_of_record
TN:
SF:src/app/api/v1/users/by-handle/[handle]/route.ts
FN:6,GET
FN:21,(anonymous_2)
FN:22,(anonymous_3)
FN:60,(anonymous_4)
FN:61,(anonymous_5)
FN:62,(anonymous_6)
FN:93,PATCH
FNF:7
FNH:0
FNDA:0,GET
FNDA:0,(anonymous_2)
FNDA:0,(anonymous_3)
FNDA:0,(anonymous_4)
FNDA:0,(anonymous_5)
FNDA:0,(anonymous_6)
FNDA:0,PATCH
DA:2,0
DA:3,0
DA:4,0
DA:6,0
DA:10,0
DA:11,0
DA:12,0
DA:15,0
DA:19,0
DA:20,0
DA:21,0
DA:22,0
DA:25,0
DA:27,0
DA:49,0
DA:56,0
DA:59,0
DA:60,0
DA:61,0
DA:62,0
DA:66,0
DA:68,0
DA:88,0
DA:89,0
DA:93,0
DA:97,0
DA:98,0
DA:99,0
DA:100,0
DA:101,0
DA:103,0
DA:104,0
DA:108,0
DA:109,0
DA:110,0
DA:114,0
DA:115,0
DA:117,0
DA:118,0
DA:120,0
DA:121,0
DA:124,0
DA:125,0
DA:126,0
DA:127,0
DA:129,0
DA:131,0
DA:132,0
DA:133,0
DA:135,0
DA:137,0
DA:138,0
DA:139,0
DA:142,0
DA:143,0
DA:145,0
DA:148,0
DA:149,0
DA:152,0
DA:156,0
DA:158,0
DA:166,0
DA:167,0
LF:63
LH:0
BRDA:19,0,0,0
BRDA:19,0,1,0
BRDA:56,1,0,0
BRDA:56,1,1,0
BRDA:88,2,0,0
BRDA:88,2,1,0
BRDA:103,3,0,0
BRDA:103,3,1,0
BRDA:103,4,0,0
BRDA:103,4,1,0
BRDA:108,5,0,0
BRDA:108,5,1,0
BRDA:108,6,0,0
BRDA:108,6,1,0
BRDA:109,7,0,0
BRDA:109,7,1,0
BRDA:115,8,0,0
BRDA:115,8,1,0
BRDA:117,9,0,0
BRDA:117,9,1,0
BRDA:117,10,0,0
BRDA:117,10,1,0
BRDA:117,11,0,0
BRDA:117,11,1,0
BRDA:117,12,0,0
BRDA:117,12,1,0
BRDA:117,13,0,0
BRDA:117,13,1,0
BRDA:118,14,0,0
BRDA:118,14,1,0
BRDA:120,15,0,0
BRDA:120,15,1,0
BRDA:125,16,0,0
BRDA:125,16,1,0
BRDA:126,17,0,0
BRDA:126,17,1,0
BRDA:126,18,0,0
BRDA:126,18,1,0
BRDA:131,19,0,0
BRDA:131,19,1,0
BRDA:132,20,0,0
BRDA:132,20,1,0
BRDA:132,21,0,0
BRDA:132,21,1,0
BRDA:137,22,0,0
BRDA:137,22,1,0
BRDA:138,23,0,0
BRDA:138,23,1,0
BRDA:138,24,0,0
BRDA:138,24,1,0
BRDA:142,25,0,0
BRDA:142,25,1,0
BRDA:142,26,0,0
BRDA:142,26,1,0
BRDA:148,27,0,0
BRDA:148,27,1,0
BRDA:152,28,0,0
BRDA:152,28,1,0
BRDA:163,29,0,0
BRDA:163,29,1,0
BRDA:166,30,0,0
BRDA:166,30,1,0
BRF:62
BRH:0
end_of_record
TN:
SF:src/app/api/v1/users/by-wallet/[address]/route.ts
FN:6,GET
FN:48,(anonymous_2)
FN:49,(anonymous_3)
FNF:3
FNH:0
FNDA:0,GET
FNDA:0,(anonymous_2)
FNDA:0,(anonymous_3)
DA:2,0
DA:3,0
DA:4,0
DA:6,0
DA:10,0
DA:11,0
DA:13,0
DA:43,0
DA:45,0
DA:48,0
DA:49,0
DA:53,0
DA:55,0
DA:67,0
DA:68,0
LF:15
LH:0
BRDA:43,0,0,0
BRDA:43,0,1,0
BRDA:47,1,0,0
BRDA:47,1,1,0
BRDA:67,2,0,0
BRDA:67,2,1,0
BRF:6
BRH:0
end_of_record
TN:
SF:src/app/api/v1/users/list/route.ts
FN:5,GET
FN:50,(anonymous_2)
FNF:2
FNH:0
FNDA:0,GET
FNDA:0,(anonymous_2)
DA:2,0
DA:3,0
DA:5,0
DA:6,0
DA:7,0
DA:8,0
DA:9,0
DA:11,0
DA:50,0
DA:56,0
DA:58,0
DA:59,0
LF:12
LH:0
BRDA:8,0,0,0
BRDA:8,0,1,0
BRDA:9,1,0,0
BRDA:9,1,1,0
BRDA:58,2,0,0
BRDA:58,2,1,0
BRF:6
BRH:0
end_of_record
TN:
SF:src/app/api/v1/verify/route.ts
FN:4,GET
FN:8,POST
FNF:2
FNH:0
FNDA:0,GET
FNDA:0,POST
DA:1,0
DA:4,0
DA:5,0
DA:8,0
DA:9,0
LF:5
LH:0
BRF:0
BRH:0
end_of_record
TN:
SF:src/app/api/v1/vps/[linkId]/route.ts
FN:6,DELETE
FNF:1
FNH:0
FNDA:0,DELETE
DA:2,0
DA:3,0
DA:4,0
DA:6,0
DA:10,0
DA:11,0
DA:12,0
DA:13,0
DA:15,0
DA:16,0
DA:20,0
DA:21,0
DA:24,0
DA:25,0
DA:26,0
DA:28,0
DA:33,0
DA:35,0
DA:36,0
LF:19
LH:0
BRDA:15,0,0,0
BRDA:15,0,1,0
BRDA:15,1,0,0
BRDA:15,1,1,0
BRDA:15,1,2,0
BRDA:20,2,0,0
BRDA:20,2,1,0
BRDA:25,3,0,0
BRDA:25,3,1,0
BRDA:26,4,0,0
BRDA:26,4,1,0
BRDA:35,5,0,0
BRDA:35,5,1,0
BRF:13
BRH:0
end_of_record
TN:
SF:src/app/api/v1/vps/[linkId]/health/route.ts
FN:5,POST
FN:13,(anonymous_2)
FNF:2
FNH:0
FNDA:0,POST
FNDA:0,(anonymous_2)
DA:2,0
DA:3,0
DA:5,0
DA:9,0
DA:10,0
DA:13,0
DA:14,0
DA:16,0
DA:17,0
DA:18,0
DA:21,0
DA:22,0
DA:24,0
DA:25,0
DA:26,0
DA:29,0
DA:30,0
DA:35,0
DA:37,0
DA:38,0
LF:20
LH:0
BRDA:17,0,0,0
BRDA:17,0,1,0
BRDA:18,1,0,0
BRDA:18,1,1,0
BRDA:21,2,0,0
BRDA:21,2,1,0
BRDA:21,3,0,0
BRDA:21,3,1,0
BRDA:21,3,2,0
BRDA:24,4,0,0
BRDA:24,4,1,0
BRDA:25,5,0,0
BRDA:25,5,1,0
BRDA:37,6,0,0
BRDA:37,6,1,0
BRF:15
BRH:0
end_of_record
TN:
SF:src/app/api/v1/vps/block/[blockHeight]/route.ts
FN:5,GET
FNF:1
FNH:0
FNDA:0,GET
DA:2,0
DA:3,0
DA:5,0
DA:9,0
DA:10,0
DA:11,0
DA:12,0
DA:14,0
DA:19,0
DA:21,0
DA:22,0
LF:11
LH:0
BRDA:12,0,0,0
BRDA:12,0,1,0
BRDA:12,1,0,0
BRDA:12,1,1,0
BRDA:21,2,0,0
BRDA:21,2,1,0
BRF:6
BRH:0
end_of_record
TN:
SF:src/app/api/v1/vps/link/route.ts
FN:6,POST
FNF:1
FNH:0
FNDA:0,POST
DA:2,0
DA:3,0
DA:4,0
DA:6,0
DA:7,0
DA:8,0
DA:17,0
DA:19,0
DA:20,0
DA:23,0
DA:24,0
DA:28,0
DA:29,0
DA:32,0
DA:33,0
DA:34,0
DA:35,0
DA:38,0
DA:50,0
DA:52,0
DA:53,0
LF:21
LH:0
BRDA:19,0,0,0
BRDA:19,0,1,0
BRDA:19,1,0,0
BRDA:19,1,1,0
BRDA:19,1,2,0
BRDA:19,1,3,0
BRDA:19,1,4,0
BRDA:23,2,0,0
BRDA:23,2,1,0
BRDA:28,3,0,0
BRDA:28,3,1,0
BRDA:33,4,0,0
BRDA:33,4,1,0
BRDA:34,5,0,0
BRDA:34,5,1,0
BRDA:42,6,0,0
BRDA:42,6,1,0
BRDA:42,7,0,0
BRDA:42,7,1,0
BRDA:46,8,0,0
BRDA:46,8,1,0
BRDA:52,9,0,0
BRDA:52,9,1,0
BRF:23
BRH:0
end_of_record
TN:
SF:src/app/api/v1/world/route.ts
FN:5,GET
FN:22,POST
FNF:2
FNH:0
FNDA:0,GET
FNDA:0,POST
DA:1,0
DA:2,0
DA:3,0
DA:5,0
DA:6,0
DA:7,0
DA:8,0
DA:10,0
DA:15,0
DA:17,0
DA:18,0
DA:22,0
DA:23,0
DA:24,0
DA:25,0
DA:27,0
DA:28,0
DA:32,0
DA:33,0
DA:35,0
DA:36,0
DA:40,0
DA:41,0
DA:42,0
DA:46,0
DA:47,0
DA:48,0
DA:49,0
DA:52,0
DA:56,0
DA:58,0
DA:59,0
LF:32
LH:0
BRDA:7,0,0,0
BRDA:7,0,1,0
BRDA:8,1,0,0
BRDA:8,1,1,0
BRDA:27,2,0,0
BRDA:27,2,1,0
BRDA:27,3,0,0
BRDA:27,3,1,0
BRDA:27,3,2,0
BRDA:32,4,0,0
BRDA:32,4,1,0
BRDA:32,5,0,0
BRDA:32,5,1,0
BRDA:35,6,0,0
BRDA:35,6,1,0
BRDA:41,7,0,0
BRDA:41,7,1,0
BRDA:41,8,0,0
BRDA:41,8,1,0
BRDA:49,9,0,0
BRDA:49,9,1,0
BRF:21
BRH:0
end_of_record
TN:
SF:src/app/api/v1/world/[id]/route.ts
FN:8,pickAllowed
FN:16,PATCH
FN:46,DELETE
FNF:3
FNH:0
FNDA:0,pickAllowed
FNDA:0,PATCH
FNDA:0,DELETE
DA:1,0
DA:2,0
DA:3,0
DA:6,0
DA:9,0
DA:10,0
DA:11,0
DA:13,0
DA:16,0
DA:17,0
DA:18,0
DA:19,0
DA:20,0
DA:22,0
DA:25,0
DA:26,0
DA:28,0
DA:29,0
DA:32,0
DA:33,0
DA:34,0
DA:35,0
DA:37,0
DA:38,0
DA:39,0
DA:41,0
DA:42,0
DA:46,0
DA:47,0
DA:48,0
DA:49,0
DA:51,0
DA:54,0
DA:55,0
DA:57,0
DA:58,0
DA:61,0
DA:62,0
DA:63,0
DA:64,0
DA:66,0
DA:67,0
DA:69,0
DA:70,0
LF:44
LH:0
BRDA:11,0,0,0
BRDA:11,0,1,0
BRDA:22,1,0,0
BRDA:22,1,1,0
BRDA:25,2,0,0
BRDA:25,2,1,0
BRDA:25,3,0,0
BRDA:25,3,1,0
BRDA:28,4,0,0
BRDA:28,4,1,0
BRDA:33,5,0,0
BRDA:33,5,1,0
BRDA:34,6,0,0
BRDA:34,6,1,0
BRDA:35,7,0,0
BRDA:35,7,1,0
BRDA:51,8,0,0
BRDA:51,8,1,0
BRDA:54,9,0,0
BRDA:54,9,1,0
BRDA:54,10,0,0
BRDA:54,10,1,0
BRDA:57,11,0,0
BRDA:57,11,1,0
BRDA:62,12,0,0
BRDA:62,12,1,0
BRDA:63,13,0,0
BRDA:63,13,1,0
BRDA:64,14,0,0
BRDA:64,14,1,0
BRF:30
BRH:0
end_of_record
TN:
SF:src/app/api/v1/world/batch/route.ts
FN:8,pickAllowed
FN:22,POST
FN:53,(anonymous_3)
FN:54,(anonymous_4)
FNF:4
FNH:0
FNDA:0,pickAllowed
FNDA:0,POST
FNDA:0,(anonymous_3)
FNDA:0,(anonymous_4)
DA:1,0
DA:2,0
DA:3,0
DA:6,0
DA:9,0
DA:10,0
DA:11,0
DA:13,0
DA:22,0
DA:23,0
DA:24,0
DA:25,0
DA:30,0
DA:31,0
DA:35,0
DA:36,0
DA:38,0
DA:39,0
DA:42,0
DA:43,0
DA:46,0
DA:47,0
DA:48,0
DA:52,0
DA:53,0
DA:54,0
DA:56,0
DA:57,0
DA:58,0
DA:62,0
DA:63,0
DA:67,0
DA:69,0
DA:70,0
DA:71,0
DA:72,0
DA:73,0
DA:74,0
DA:75,0
DA:77,0
DA:80,0
DA:81,0
DA:82,0
DA:83,0
DA:84,0
DA:85,0
DA:87,0
DA:88,0
DA:89,0
DA:90,0
DA:91,0
DA:92,0
DA:93,0
DA:94,0
DA:96,0
DA:97,0
DA:100,0
DA:104,0
DA:106,0
DA:107,0
LF:60
LH:0
BRDA:11,0,0,0
BRDA:11,0,1,0
BRDA:30,1,0,0
BRDA:30,1,1,0
BRDA:30,2,0,0
BRDA:30,2,1,0
BRDA:30,2,2,0
BRDA:30,3,0,0
BRDA:30,3,1,0
BRDA:30,4,0,0
BRDA:30,4,1,0
BRDA:35,5,0,0
BRDA:35,5,1,0
BRDA:35,6,0,0
BRDA:35,6,1,0
BRDA:38,7,0,0
BRDA:38,7,1,0
BRDA:42,8,0,0
BRDA:42,8,1,0
BRDA:47,9,0,0
BRDA:47,9,1,0
BRDA:47,10,0,0
BRDA:47,10,1,0
BRDA:53,11,0,0
BRDA:53,11,1,0
BRDA:53,11,2,0
BRDA:57,12,0,0
BRDA:57,12,1,0
BRDA:71,13,0,0
BRDA:71,13,1,0
BRDA:71,14,0,0
BRDA:71,14,1,0
BRDA:73,15,0,0
BRDA:73,15,1,0
BRDA:73,16,0,0
BRDA:73,16,1,0
BRDA:81,17,0,0
BRDA:81,17,1,0
BRDA:81,18,0,0
BRDA:81,18,1,0
BRDA:81,18,2,0
BRDA:83,19,0,0
BRDA:83,19,1,0
BRDA:83,20,0,0
BRDA:83,20,1,0
BRDA:83,20,2,0
BRDA:90,21,0,0
BRDA:90,21,1,0
BRDA:90,22,0,0
BRDA:90,22,1,0
BRDA:92,23,0,0
BRDA:92,23,1,0
BRDA:92,24,0,0
BRDA:92,24,1,0
BRDA:92,24,2,0
BRF:55
BRH:0
end_of_record
TN:
SF:src/app/api/v1/world/terrain/route.ts
FN:5,GET
FN:18,POST
FNF:2
FNH:0
FNDA:0,GET
FNDA:0,POST
DA:1,0
DA:2,0
DA:3,0
DA:5,0
DA:6,0
DA:7,0
DA:8,0
DA:10,0
DA:11,0
DA:13,0
DA:14,0
DA:18,0
DA:19,0
DA:20,0
DA:21,0
DA:23,0
DA:24,0
DA:28,0
DA:29,0
DA:31,0
DA:32,0
DA:35,0
DA:36,0
DA:37,0
DA:41,0
DA:42,0
DA:43,0
DA:44,0
DA:47,0
DA:53,0
DA:55,0
DA:56,0
LF:32
LH:0
BRDA:7,0,0,0
BRDA:7,0,1,0
BRDA:8,1,0,0
BRDA:8,1,1,0
BRDA:23,2,0,0
BRDA:23,2,1,0
BRDA:23,3,0,0
BRDA:23,3,1,0
BRDA:28,4,0,0
BRDA:28,4,1,0
BRDA:28,5,0,0
BRDA:28,5,1,0
BRDA:31,6,0,0
BRDA:31,6,1,0
BRDA:36,7,0,0
BRDA:36,7,1,0
BRDA:36,8,0,0
BRDA:36,8,1,0
BRDA:44,9,0,0
BRDA:44,9,1,0
BRF:20
BRH:0
end_of_record
TN:
SF:src/lib/activity.ts
FN:6,logActivity
FN:14,logPageView
FN:22,logProfileView
FN:30,logSearch
FNF:4
FNH:0
FNDA:0,logActivity
FNDA:0,logPageView
FNDA:0,logProfileView
FNDA:0,logSearch
DA:4,0
DA:6,0
DA:7,0
DA:8,0
DA:14,0
DA:15,0
DA:16,0
DA:22,0
DA:23,0
DA:24,0
DA:30,0
DA:31,0
DA:32,0
LF:13
LH:0
BRDA:9,0,0,0
BRDA:9,0,1,0
BRDA:17,1,0,0
BRDA:17,1,1,0
BRDA:17,2,0,0
BRDA:17,2,1,0
BRDA:17,3,0,0
BRDA:17,3,1,0
BRDA:25,4,0,0
BRDA:25,4,1,0
BRDA:33,5,0,0
BRDA:33,5,1,0
BRF:12
BRH:0
end_of_record
TN:
SF:src/lib/agent-protocol.ts
FN:10,(anonymous_1)
FN:100,maxAgentsForTier
FN:123,validatePermissions
FN:125,(anonymous_4)
FN:133,canPerformAction
FN:144,generateAgentChallenge
FN:151,verifyAgentSignature
FNF:7
FNH:7
FNDA:2,(anonymous_1)
FNDA:6,maxAgentsForTier
FNDA:7,validatePermissions
FNDA:15,(anonymous_4)
FNDA:21,canPerformAction
FNDA:5,generateAgentChallenge
FNDA:8,verifyAgentSignature
DA:6,2
DA:10,2
DA:11,2
DA:12,2
DA:13,2
DA:14,2
DA:15,2
DA:16,2
DA:93,2
DA:94,2
DA:95,2
DA:96,2
DA:97,2
DA:98,2
DA:100,2
DA:101,6
DA:102,1
DA:103,1
DA:104,1
DA:105,3
DA:111,2
DA:123,2
DA:124,7
DA:125,15
DA:126,7
DA:133,2
DA:137,21
DA:138,12
DA:144,2
DA:145,5
DA:151,2
DA:156,8
DA:157,6
DA:159,4
DA:161,4
DA:162,4
DA:166,3
DA:167,3
DA:168,3
LF:39
LH:39
BRDA:10,0,0,2
BRDA:10,0,1,2
BRDA:101,1,0,1
BRDA:101,1,1,1
BRDA:101,1,2,1
BRDA:101,1,3,3
BRDA:137,2,0,9
BRDA:137,2,1,12
BRDA:156,3,0,2
BRDA:156,3,1,6
BRDA:156,4,0,8
BRDA:156,4,1,6
BRDA:157,5,0,2
BRDA:157,5,1,4
BRDA:157,6,0,6
BRDA:157,6,1,5
BRDA:166,7,0,3
BRDA:166,7,1,0
BRF:18
BRH:17
end_of_record
TN:
SF:src/lib/api-helpers.ts
FN:16,success
FN:20,error
FN:28,sanitizeString
FN:32,isValidBitcoinAddress
FN:41,verifyWalletSignature
FNF:5
FNH:5
FNDA:4,success
FNDA:5,error
FNDA:11,sanitizeString
FNDA:17,isValidBitcoinAddress
FNDA:16,verifyWalletSignature
DA:1,2
DA:4,2
DA:16,2
DA:17,4
DA:20,2
DA:22,5
DA:25,5
DA:28,2
DA:29,11
DA:32,2
DA:34,17
DA:41,2
DA:42,16
DA:43,9
DA:44,9
DA:46,7
DA:47,7
DA:52,7
LF:18
LH:18
BRDA:16,0,0,3
BRDA:20,1,0,1
BRDA:22,2,0,1
BRDA:22,2,1,4
BRDA:22,3,0,5
BRDA:22,3,1,2
BRDA:28,4,0,10
BRDA:42,5,0,7
BRDA:42,5,1,9
BRDA:42,6,0,16
BRDA:42,6,1,13
BRDA:42,6,2,11
BRDA:46,7,0,7
BRDA:46,7,1,0
BRF:14
BRH:13
end_of_record
TN:
SF:src/lib/auth-storage.ts
FN:13,readStorage
FN:25,writeStorage
FN:31,getHandleRegistry
FN:36,setHandleRegistry
FN:41,getProfileRegistry
FN:46,setProfileRegistry
FNF:6
FNH:6
FNDA:7,readStorage
FNDA:3,writeStorage
FNDA:2,getHandleRegistry
FNDA:1,setHandleRegistry
FNDA:2,getProfileRegistry
FNDA:1,setProfileRegistry
DA:1,1
DA:13,1
DA:14,7
DA:15,7
DA:16,7
DA:17,7
DA:18,4
DA:20,1
DA:25,1
DA:26,3
DA:27,3
DA:31,1
DA:32,2
DA:36,1
DA:37,1
DA:41,1
DA:42,2
DA:46,1
DA:47,1
LF:19
LH:19
BRDA:14,0,0,0
BRDA:14,0,1,7
BRDA:17,1,0,3
BRDA:17,1,1,4
BRDA:26,2,0,0
BRDA:26,2,1,3
BRF:6
BRH:4
end_of_record
TN:
SF:src/lib/bitcoin-heartbeat.ts
FN:54,getCurrentBlockHeight
FN:68,getLastKnownHeight
FN:75,setLastKnownHeight
FN:84,getLastHeartbeatTimestamp
FN:91,setLastHeartbeatTimestamp
FN:115,checkGuardianLLM
FN:221,resolveLLMEndpoint
FN:243,buildTestPayload
FN:274,executeBlockHeartbeat
FN:351,(anonymous_10)
FN:364,(anonymous_11)
FN:365,(anonymous_12)
FN:366,(anonymous_13)
FNF:13
FNH:0
FNDA:0,getCurrentBlockHeight
FNDA:0,getLastKnownHeight
FNDA:0,setLastKnownHeight
FNDA:0,getLastHeartbeatTimestamp
FNDA:0,setLastHeartbeatTimestamp
FNDA:0,checkGuardianLLM
FNDA:0,resolveLLMEndpoint
FNDA:0,buildTestPayload
FNDA:0,executeBlockHeartbeat
FNDA:0,(anonymous_10)
FNDA:0,(anonymous_11)
FNDA:0,(anonymous_12)
FNDA:0,(anonymous_13)
DA:16,0
DA:18,0
DA:31,0
DA:34,0
DA:55,0
DA:58,0
DA:59,0
DA:60,0
DA:61,0
DA:69,0
DA:72,0
DA:76,0
DA:85,0
DA:88,0
DA:92,0
DA:125,0
DA:128,0
DA:129,0
DA:130,0
DA:134,0
DA:142,0
DA:153,0
DA:154,0
DA:163,0
DA:164,0
DA:165,0
DA:167,0
DA:178,0
DA:180,0
DA:181,0
DA:185,0
DA:186,0
DA:196,0
DA:197,0
DA:200,0
DA:208,0
DA:222,0
DA:223,0
DA:224,0
DA:225,0
DA:227,0
DA:229,0
DA:230,0
DA:244,0
DA:246,0
DA:247,0
DA:255,0
DA:274,0
DA:275,0
DA:276,0
DA:278,0
DA:280,0
DA:281,0
DA:296,0
DA:297,0
DA:298,0
DA:300,0
DA:301,0
DA:315,0
DA:316,0
DA:319,0
DA:340,0
DA:341,0
DA:343,0
DA:344,0
DA:345,0
DA:346,0
DA:350,0
DA:352,0
DA:364,0
DA:365,0
DA:366,0
DA:368,0
DA:373,0
LF:74
LH:0
BRDA:58,0,0,0
BRDA:58,0,1,0
BRDA:60,1,0,0
BRDA:60,1,1,0
BRDA:72,2,0,0
BRDA:72,2,1,0
BRDA:88,3,0,0
BRDA:88,3,1,0
BRDA:128,4,0,0
BRDA:128,4,1,0
BRDA:128,5,0,0
BRDA:128,5,1,0
BRDA:137,6,0,0
BRDA:137,6,1,0
BRDA:139,7,0,0
BRDA:139,7,1,0
BRDA:147,8,0,0
BRDA:147,8,1,0
BRDA:153,9,0,0
BRDA:153,9,1,0
BRDA:172,10,0,0
BRDA:172,10,1,0
BRDA:180,11,0,0
BRDA:180,11,1,0
BRDA:185,12,0,0
BRDA:185,12,1,0
BRDA:185,13,0,0
BRDA:185,13,1,0
BRDA:196,14,0,0
BRDA:196,14,1,0
BRDA:213,15,0,0
BRDA:213,15,1,0
BRDA:222,16,0,0
BRDA:222,16,1,0
BRDA:223,17,0,0
BRDA:223,17,1,0
BRDA:223,17,2,0
BRDA:223,17,3,0
BRDA:223,17,4,0
BRDA:223,17,5,0
BRDA:223,17,6,0
BRDA:223,18,0,0
BRDA:223,18,1,0
BRDA:223,19,0,0
BRDA:223,19,1,0
BRDA:244,20,0,0
BRDA:244,20,1,0
BRDA:244,21,0,0
BRDA:244,21,1,0
BRDA:246,22,0,0
BRDA:246,22,1,0
BRDA:248,23,0,0
BRDA:248,23,1,0
BRDA:256,24,0,0
BRDA:256,24,1,0
BRDA:274,25,0,0
BRDA:278,26,0,0
BRDA:278,26,1,0
BRDA:278,26,2,0
BRDA:280,27,0,0
BRDA:280,27,1,0
BRDA:296,28,0,0
BRDA:296,28,1,0
BRDA:298,29,0,0
BRDA:298,29,1,0
BRDA:298,30,0,0
BRDA:298,30,1,0
BRDA:357,31,0,0
BRDA:357,31,1,0
BRDA:357,32,0,0
BRDA:357,32,1,0
BRF:71
BRH:0
end_of_record
TN:
SF:src/lib/bitmap-renderer.ts
FN:16,byteTxSize
FN:40,(anonymous_1)
FN:46,(anonymous_2)
FN:56,(anonymous_3)
FN:60,(anonymous_4)
FN:65,(anonymous_5)
FN:85,(anonymous_6)
FN:94,(anonymous_7)
FN:197,(anonymous_8)
FN:236,renderBitmapThumbnail
FN:245,(anonymous_10)
FN:246,(anonymous_11)
FNF:12
FNH:0
FNDA:0,byteTxSize
FNDA:0,(anonymous_1)
FNDA:0,(anonymous_2)
FNDA:0,(anonymous_3)
FNDA:0,(anonymous_4)
FNDA:0,(anonymous_5)
FNDA:0,(anonymous_6)
FNDA:0,(anonymous_7)
FNDA:0,(anonymous_8)
FNDA:0,renderBitmapThumbnail
FNDA:0,(anonymous_10)
FNDA:0,(anonymous_11)
DA:9,0
DA:17,0
DA:18,0
DA:41,0
DA:42,0
DA:43,0
DA:47,0
DA:52,0
DA:53,0
DA:57,0
DA:61,0
DA:62,0
DA:66,0
DA:67,0
DA:68,0
DA:69,0
DA:70,0
DA:72,0
DA:73,0
DA:75,0
DA:76,0
DA:77,0
DA:79,0
DA:80,0
DA:81,0
DA:82,0
DA:86,0
DA:87,0
DA:88,0
DA:89,0
DA:90,0
DA:98,0
DA:104,0
DA:106,0
DA:107,0
DA:108,0
DA:109,0
DA:110,0
DA:111,0
DA:112,0
DA:118,0
DA:119,0
DA:125,0
DA:126,0
DA:132,0
DA:133,0
DA:134,0
DA:137,0
DA:138,0
DA:139,0
DA:140,0
DA:148,0
DA:149,0
DA:153,0
DA:154,0
DA:155,0
DA:156,0
DA:161,0
DA:162,0
DA:163,0
DA:164,0
DA:170,0
DA:171,0
DA:172,0
DA:177,0
DA:178,0
DA:180,0
DA:185,0
DA:186,0
DA:194,0
DA:198,0
DA:199,0
DA:200,0
DA:201,0
DA:203,0
DA:204,0
DA:205,0
DA:206,0
DA:207,0
DA:208,0
DA:210,0
DA:212,0
DA:213,0
DA:215,0
DA:216,0
DA:217,0
DA:218,0
DA:221,0
DA:226,0
DA:227,0
DA:236,0
DA:237,0
DA:238,0
DA:240,0
DA:241,0
DA:243,0
DA:245,0
DA:246,0
DA:247,0
DA:248,0
DA:249,0
DA:251,0
DA:253,0
DA:254,0
DA:255,0
DA:256,0
DA:257,0
DA:258,0
DA:260,0
DA:261,0
DA:262,0
DA:266,0
LF:112
LH:0
BRDA:17,0,0,0
BRDA:17,0,1,0
BRDA:62,1,0,0
BRDA:62,1,1,0
BRDA:66,2,0,0
BRDA:66,2,1,0
BRDA:68,3,0,0
BRDA:68,3,1,0
BRDA:69,4,0,0
BRDA:69,4,1,0
BRDA:73,5,0,0
BRDA:73,5,1,0
BRDA:76,6,0,0
BRDA:76,6,1,0
BRDA:77,7,0,0
BRDA:77,7,1,0
BRDA:79,8,0,0
BRDA:79,8,1,0
BRDA:87,9,0,0
BRDA:87,9,1,0
BRDA:90,10,0,0
BRDA:90,10,1,0
BRDA:108,11,0,0
BRDA:108,11,1,0
BRDA:112,12,0,0
BRDA:112,12,1,0
BRDA:114,13,0,0
BRDA:114,13,1,0
BRDA:125,14,0,0
BRDA:125,14,1,0
BRDA:125,15,0,0
BRDA:125,15,1,0
BRDA:134,16,0,0
BRDA:134,16,1,0
BRDA:138,17,0,0
BRDA:138,17,1,0
BRDA:139,18,0,0
BRDA:139,18,1,0
BRDA:154,19,0,0
BRDA:154,19,1,0
BRDA:156,20,0,0
BRDA:156,20,1,0
BRDA:157,21,0,0
BRDA:157,21,1,0
BRDA:157,21,2,0
BRDA:163,22,0,0
BRDA:163,22,1,0
BRDA:170,23,0,0
BRDA:170,23,1,0
BRDA:171,24,0,0
BRDA:171,24,1,0
BRDA:203,25,0,0
BRDA:203,25,1,0
BRDA:205,26,0,0
BRDA:205,26,1,0
BRDA:206,27,0,0
BRDA:206,27,1,0
BRDA:215,28,0,0
BRDA:215,28,1,0
BRDA:236,29,0,0
BRDA:243,30,0,0
BRDA:243,30,1,0
BRDA:260,31,0,0
BRDA:260,31,1,0
BRDA:260,32,0,0
BRDA:260,32,1,0
BRF:66
BRH:0
end_of_record
TN:
SF:src/lib/bitmapStandard.ts
FN:47,getEpochIndex
FN:52,getEpochColor
FN:64,blockTo2D
FN:78,gridToBlock
FN:93,blockTo3D
FN:116,getVisibleBlocks
FN:134,getMapDimensions
FNF:7
FNH:0
FNDA:0,getEpochIndex
FNDA:0,getEpochColor
FNDA:0,blockTo2D
FNDA:0,gridToBlock
FNDA:0,blockTo3D
FNDA:0,getVisibleBlocks
FNDA:0,getMapDimensions
DA:18,0
DA:19,0
DA:20,0
DA:23,0
DA:31,0
DA:40,0
DA:41,0
DA:42,0
DA:47,0
DA:48,0
DA:52,0
DA:53,0
DA:54,0
DA:64,0
DA:65,0
DA:66,0
DA:67,0
DA:68,0
DA:69,0
DA:78,0
DA:79,0
DA:80,0
DA:81,0
DA:93,0
DA:98,0
DA:99,0
DA:102,0
DA:103,0
DA:105,0
DA:116,0
DA:121,0
DA:122,0
DA:125,0
DA:126,0
DA:128,0
DA:134,0
DA:139,0
DA:140,0
DA:141,0
DA:142,0
LF:40
LH:0
BRDA:54,0,0,0
BRDA:54,0,1,0
BRDA:54,1,0,0
BRDA:54,1,1,0
BRDA:95,2,0,0
BRDA:96,3,0,0
BRDA:136,4,0,0
BRDA:137,5,0,0
BRF:8
BRH:0
end_of_record
TN:
SF:src/lib/blockchainApi.ts
FN:40,generateEstimatedTxs
FN:51,(anonymous_1)
FN:76,(anonymous_2)
FN:79,(anonymous_3)
FN:92,fetchFromMempool
FN:116,(anonymous_5)
FN:130,(anonymous_6)
FN:154,fetchFullFromMempool
FN:187,(anonymous_8)
FN:211,fetchFromBlockchainInfo
FN:221,(anonymous_10)
FN:247,fetchRealBlock
FN:273,fetchFullBlock
FN:287,isBlockCached
FN:292,getCachedBlock
FN:297,prefetchBlocks
FN:298,(anonymous_16)
FN:303,(anonymous_17)
FNF:18
FNH:12
FNDA:3,generateEstimatedTxs
FNDA:9375,(anonymous_1)
FNDA:3125,(anonymous_2)
FNDA:3125,(anonymous_3)
FNDA:6,fetchFromMempool
[...]
BRDA:5,1,1,0
BRDA:15,2,0,0
BRDA:15,2,1,0
BRDA:18,3,0,0
BRDA:18,3,1,0
BRDA:18,4,0,0
BRDA:18,4,1,0
BRDA:36,5,0,0
BRDA:36,5,1,0
BRDA:39,6,0,0
BRDA:39,6,1,0
BRDA:43,7,0,0
BRDA:43,7,1,0
BRDA:70,8,0,0
BRDA:70,8,1,0
BRDA:89,9,0,0
BRDA:89,9,1,0
BRDA:112,10,0,0
BRDA:112,10,1,0
BRDA:112,11,0,0
BRDA:112,11,1,0
BRDA:134,12,0,0
BRDA:134,12,1,0
BRDA:140,13,0,0
BRDA:140,13,1,0
BRDA:149,14,0,0
BRDA:149,14,1,0
BRDA:164,15,0,0
BRDA:164,15,1,0
BRDA:166,16,0,0
BRDA:166,16,1,0
BRF:34
BRH:0
end_of_record
TN:
SF:src/lib/runebolt-utils.ts
FN:5,cn
FN:10,formatSats
FN:17,truncateAddress
FNF:3
FNH:3
FNDA:3,cn
FNDA:7,formatSats
FNDA:5,truncateAddress
DA:1,1
DA:2,1
DA:5,1
DA:6,3
DA:10,1
DA:11,7
DA:12,4
DA:13,2
DA:17,1
DA:18,5
DA:19,4
DA:20,2
DA:23,1
LF:13
LH:13
BRDA:11,0,0,3
BRDA:11,0,1,4
BRDA:12,1,0,2
BRDA:12,1,1,2
BRDA:17,2,0,2
BRDA:17,3,0,2
BRDA:18,4,0,1
BRDA:18,4,1,4
BRDA:19,5,0,2
BRDA:19,5,1,2
BRDA:24,6,0,1
BRDA:24,6,1,0
BRDA:25,7,0,1
BRDA:25,7,1,0
BRDA:26,8,0,1
BRDA:26,8,1,0
BRDA:27,9,0,1
BRDA:27,9,1,0
BRF:18
BRH:14
end_of_record
TN:
SF:src/lib/square-packing.ts
FN:25,txToSquareSize
FN:37,(anonymous_1)
FN:39,(anonymous_2)
FN:45,(anonymous_3)
FN:46,(anonymous_4)
FN:48,(anonymous_5)
FN:61,(anonymous_6)
FN:66,(anonymous_7)
FN:112,(anonymous_8)
FN:133,packSquares
FN:136,(anonymous_10)
FN:137,(anonymous_11)
FN:154,packSquaresToWorldSpace
FN:165,(anonymous_13)
FNF:14
FNH:14
FNDA:163,txToSquareSize
FNDA:14,(anonymous_1)
FNDA:155,(anonymous_2)
FNDA:1114,(anonymous_3)
FNDA:273,(anonymous_4)
FNDA:273,(anonymous_5)
FNDA:163,(anonymous_6)
FNDA:153,(anonymous_7)
FNDA:153,(anonymous_8)
FNDA:16,packSquares
FNDA:153,(anonymous_10)
FNDA:153,(anonymous_11)
FNDA:6,packSquaresToWorldSpace
FNDA:21,(anonymous_13)
DA:25,1
DA:26,163
DA:34,14
DA:35,14
DA:37,14
DA:40,155
DA:41,155
DA:42,155
DA:45,1114
DA:46,273
DA:49,273
DA:50,273
DA:51,273
DA:52,273
DA:53,273
DA:54,273
DA:55,273
DA:56,273
DA:57,273
DA:58,273
DA:62,163
DA:63,163
DA:67,153
DA:68,153
DA:69,153
DA:70,285
DA:71,285
DA:72,163
DA:73,163
DA:74,163
DA:75,20
DA:76,20
DA:77,10
DA:78,10
DA:81,163
DA:82,140
DA:84,163
DA:86,122
DA:87,122
DA:88,122
DA:91,153
DA:92,120
DA:93,120
DA:94,120
DA:95,70
DA:96,70
DA:97,30
DA:98,30
DA:99,30
DA:100,30
DA:101,30
DA:102,20
DA:103,10
DA:109,153
DA:113,153
DA:114,153
DA:115,600
DA:116,600
DA:117,170
DA:118,170
DA:120,600
DA:121,600
DA:123,153
DA:124,33
DA:125,33
DA:126,33
DA:128,153
DA:133,1
DA:134,16
DA:136,153
DA:137,153
DA:138,14
DA:140,14
DA:141,14
DA:142,14
DA:144,14
DA:145,153
DA:146,153
DA:147,153
DA:150,14
DA:154,1
DA:160,6
DA:161,6
DA:162,6
DA:163,6
DA:165,21
LF:86
LH:86
BRDA:25,0,0,9
BRDA:46,1,0,273
BRDA:46,1,1,0
BRDA:49,2,0,0
BRDA:49,2,1,273
BRDA:51,3,0,0
BRDA:51,3,1,273
BRDA:51,4,0,0
BRDA:51,4,1,0
BRDA:53,5,0,0
BRDA:53,5,1,273
BRDA:55,6,0,363
BRDA:55,6,1,90
BRDA:55,7,0,20
BRDA:55,7,1,70
BRDA:56,8,0,253
BRDA:56,8,1,20
BRDA:63,9,0,163
BRDA:63,9,1,0
BRDA:63,10,0,163
BRDA:63,10,1,0
BRDA:71,11,0,163
BRDA:71,11,1,122
BRDA:76,12,0,10
BRDA:76,12,1,10
BRDA:76,13,0,20
BRDA:76,13,1,10
BRDA:81,14,0,140
BRDA:81,14,1,23
BRDA:81,15,0,163
BRDA:81,15,1,140
BRDA:84,16,0,10
BRDA:84,16,1,0
BRDA:87,17,0,20
BRDA:87,17,1,102
BRDA:88,18,0,60
BRDA:88,18,1,62
BRDA:93,19,0,120
BRDA:93,19,1,0
BRDA:96,20,0,30
BRDA:96,20,1,40
BRDA:96,21,0,70
BRDA:96,21,1,40
BRDA:96,21,2,40
BRDA:99,22,0,0
BRDA:99,22,1,30
BRDA:101,23,0,50
BRDA:101,23,1,30
BRDA:102,24,0,10
BRDA:102,24,1,10
BRDA:114,25,0,753
BRDA:114,25,1,633
BRDA:116,26,0,770
BRDA:116,26,1,650
BRDA:117,27,0,120
BRDA:117,27,1,50
BRDA:123,28,0,33
BRDA:123,28,1,120
BRDA:133,29,0,10
BRDA:134,30,0,2
BRDA:134,30,1,14
BRDA:158,31,0,6
BRF:62
BRH:51
end_of_record
TN:
SF:src/lib/tier-resolver.ts
FN:23,scanOnChain
FN:36,resolveTier
FN:55,(anonymous_3)
FN:74,(anonymous_4)
FN:82,(anonymous_5)
FN:83,(anonymous_6)
FN:85,(anonymous_7)
FN:86,(anonymous_8)
FN:163,applyGracePeriod
FNF:9
FNH:0
FNDA:0,scanOnChain
FNDA:0,resolveTier
FNDA:0,(anonymous_3)
FNDA:0,(anonymous_4)
FNDA:0,(anonymous_5)
FNDA:0,(anonymous_6)
FNDA:0,(anonymous_7)
FNDA:0,(anonymous_8)
FNDA:0,applyGracePeriod
DA:1,0
DA:14,0
DA:24,0
DA:25,0
DA:28,0
DA:29,0
DA:30,0
DA:32,0
DA:36,0
DA:40,0
DA:43,0
DA:44,0
DA:47,0
DA:55,0
DA:62,0
DA:63,0
DA:64,0
DA:66,0
DA:67,0
DA:70,0
DA:74,0
DA:76,0
DA:77,0
DA:78,0
DA:81,0
DA:82,0
DA:83,0
DA:84,0
DA:85,0
DA:86,0
DA:88,0
DA:89,0
DA:90,0
DA:94,0
DA:95,0
DA:104,0
DA:105,0
DA:114,0
DA:115,0
DA:116,0
DA:117,0
DA:118,0
DA:119,0
DA:120,0
DA:123,0
DA:124,0
DA:125,0
DA:127,0
DA:128,0
DA:129,0
DA:130,0
DA:132,0
DA:137,0
DA:138,0
DA:145,0
DA:146,0
DA:149,0
DA:151,0
DA:164,0
DA:167,0
DA:176,0
LF:61
LH:0
BRDA:28,0,0,0
BRDA:28,0,1,0
BRDA:30,1,0,0
BRDA:30,1,1,0
BRDA:30,2,0,0
BRDA:30,2,1,0
BRDA:30,3,0,0
BRDA:30,3,1,0
BRDA:30,4,0,0
BRDA:30,4,1,0
BRDA:30,5,0,0
BRDA:30,5,1,0
BRDA:38,6,0,0
BRDA:40,7,0,0
BRDA:40,8,0,0
BRDA:40,9,0,0
BRDA:40,9,1,0
BRDA:44,10,0,0
BRDA:44,10,1,0
BRDA:44,11,0,0
BRDA:44,11,1,0
BRDA:44,12,0,0
BRDA:44,12,1,0
BRDA:44,13,0,0
BRDA:44,13,1,0
BRDA:62,14,0,0
BRDA:62,14,1,0
BRDA:62,15,0,0
BRDA:62,15,1,0
BRDA:63,16,0,0
BRDA:63,16,1,0
BRDA:64,17,0,0
BRDA:64,17,1,0
BRDA:66,18,0,0
BRDA:66,18,1,0
BRDA:66,19,0,0
BRDA:66,19,1,0
BRDA:66,20,0,0
BRDA:66,20,1,0
BRDA:66,21,0,0
BRDA:66,21,1,0
BRDA:76,22,0,0
BRDA:76,22,1,0
BRDA:85,23,0,0
BRDA:85,23,1,0
BRDA:89,24,0,0
BRDA:89,24,1,0
BRDA:94,25,0,0
BRDA:94,25,1,0
BRDA:115,26,0,0
BRDA:115,26,1,0
BRDA:117,27,0,0
BRDA:117,27,1,0
BRDA:119,28,0,0
BRDA:119,28,1,0
BRDA:123,29,0,0
BRDA:123,29,1,0
BRDA:125,30,0,0
BRDA:125,30,1,0
BRDA:127,31,0,0
BRDA:127,31,1,0
BRDA:129,32,0,0
BRDA:129,32,1,0
BRDA:132,33,0,0
BRDA:132,33,1,0
BRDA:137,34,0,0
BRDA:137,34,1,0
BRDA:145,35,0,0
BRDA:145,35,1,0
BRDA:145,36,0,0
BRDA:145,36,1,0
BRDA:145,36,2,0
BRDA:149,37,0,0
BRDA:149,37,1,0
BRDA:149,38,0,0
BRDA:149,38,1,0
BRDA:149,39,0,0
BRDA:149,39,1,0
BRDA:149,40,0,0
BRDA:149,40,1,0
BRDA:149,41,0,0
BRDA:149,41,1,0
BRF:82
BRH:0
end_of_record
TN:
SF:src/lib/wallet-utils.ts
FN:25,detectWallets
FN:35,connectUnisat
FN:43,isXverseInAppBrowser
FN:50,extractXverseAddress
FN:52,(anonymous_4)
FN:53,(anonymous_5)
FN:58,connectXverse
FN:95,(anonymous_7)
FN:109,connectLeather
FN:114,(anonymous_9)
FN:121,connectWalletByType
FN:129,signWithWallet
FN:184,getSavedSession
FN:196,saveSession
FN:200,clearSession
FN:205,getStoredAddress
FN:218,getStoredType
FNF:17
FNH:0
FNDA:0,detectWallets
FNDA:0,connectUnisat
FNDA:0,isXverseInAppBrowser
FNDA:0,extractXverseAddress
FNDA:0,(anonymous_4)
FNDA:0,(anonymous_5)
FNDA:0,connectXverse
FNDA:0,(anonymous_7)
FNDA:0,connectLeather
FNDA:0,(anonymous_9)
FNDA:0,connectWalletByType
FNDA:0,signWithWallet
FNDA:0,getSavedSession
FNDA:0,saveSession
FNDA:0,clearSession
FNDA:0,getStoredAddress
FNDA:0,getStoredType
DA:7,0
DA:25,0
DA:26,0
DA:27,0
DA:35,0
DA:36,0
DA:37,0
DA:38,0
DA:39,0
DA:44,0
DA:45,0
DA:46,0
DA:51,0
DA:52,0
DA:53,0
DA:54,0
DA:58,0
DA:59,0
DA:62,0
DA:63,0
DA:64,0
DA:65,0
DA:69,0
DA:70,0
DA:71,0
DA:72,0
DA:73,0
DA:76,0
DA:77,0
DA:78,0
DA:79,0
DA:80,0
DA:83,0
DA:84,0
DA:85,0
DA:90,0
DA:91,0
DA:92,0
DA:93,0
DA:94,0
DA:95,0
DA:96,0
DA:99,0
DA:100,0
DA:101,0
DA:105,0
DA:109,0
DA:110,0
DA:111,0
DA:112,0
DA:113,0
DA:114,0
DA:115,0
DA:116,0
DA:117,0
DA:121,0
DA:122,0
DA:123,0
DA:124,0
DA:125,0
DA:129,0
DA:130,0
DA:131,0
DA:132,0
DA:134,0
DA:135,0
DA:136,0
DA:139,0
DA:140,0
DA:141,0
DA:142,0
DA:147,0
DA:148,0
DA:149,0
DA:151,0
DA:152,0
DA:154,0
DA:155,0
DA:156,0
DA:157,0
DA:161,0
DA:163,0
DA:164,0
DA:165,0
DA:169,0
DA:170,0
DA:171,0
DA:172,0
DA:174,0
DA:177,0
DA:184,0
DA:185,0
DA:186,0
DA:187,0
DA:188,0
DA:189,0
DA:190,0
DA:192,0
DA:196,0
DA:197,0
DA:200,0
DA:201,0
DA:205,0
DA:206,0
DA:207,0
DA:208,0
DA:209,0
DA:210,0
DA:211,0
DA:213,0
DA:218,0
DA:219,0
DA:220,0
DA:221,0
DA:222,0
DA:223,0
DA:224,0
DA:226,0
LF:118
LH:0
BRDA:26,0,0,0
BRDA:26,0,1,0
BRDA:36,1,0,0
BRDA:36,1,1,0
BRDA:38,2,0,0
BRDA:38,2,1,0
BRDA:44,3,0,0
BRDA:44,3,1,0
BRDA:46,4,0,0
BRDA:46,4,1,0
BRDA:46,4,2,0
BRDA:51,5,0,0
BRDA:51,5,1,0
BRDA:51,6,0,0
BRDA:51,6,1,0
BRDA:52,7,0,0
BRDA:52,7,1,0
BRDA:53,8,0,0
BRDA:53,8,1,0
BRDA:54,9,0,0
BRDA:54,9,1,0
BRDA:54,9,2,0
BRDA:54,9,3,0
BRDA:54,10,0,0
BRDA:54,10,1,0
BRDA:54,11,0,0
BRDA:54,11,1,0
BRDA:54,12,0,0
BRDA:54,12,1,0
BRDA:54,13,0,0
BRDA:54,13,1,0
BRDA:54,14,0,0
BRDA:54,14,1,0
BRDA:54,15,0,0
BRDA:54,15,1,0
BRDA:62,16,0,0
BRDA:62,16,1,0
BRDA:62,17,0,0
BRDA:62,17,1,0
BRDA:62,18,0,0
BRDA:62,18,1,0
BRDA:69,19,0,0
BRDA:69,19,1,0
BRDA:69,20,0,0
BRDA:69,20,1,0
BRDA:69,21,0,0
BRDA:69,21,1,0
BRDA:71,22,0,0
BRDA:71,22,1,0
BRDA:71,23,0,0
BRDA:71,23,1,0
BRDA:71,24,0,0
BRDA:71,24,1,0
BRDA:71,25,0,0
BRDA:71,25,1,0
BRDA:73,26,0,0
BRDA:73,26,1,0
BRDA:76,27,0,0
BRDA:76,27,1,0
BRDA:76,28,0,0
BRDA:76,28,1,0
BRDA:76,29,0,0
BRDA:76,29,1,0
BRDA:78,30,0,0
BRDA:78,30,1,0
BRDA:78,31,0,0
BRDA:78,31,1,0
BRDA:80,32,0,0
BRDA:80,32,1,0
BRDA:83,33,0,0
BRDA:83,33,1,0
BRDA:84,34,0,0
BRDA:84,34,1,0
BRDA:84,35,0,0
BRDA:84,35,1,0
BRDA:90,36,0,0
BRDA:90,36,1,0
BRDA:90,37,0,0
BRDA:90,37,1,0
BRDA:90,38,0,0
BRDA:90,38,1,0
BRDA:94,39,0,0
BRDA:94,39,1,0
BRDA:94,40,0,0
BRDA:94,40,1,0
BRDA:94,41,0,0
BRDA:94,41,1,0
BRDA:94,42,0,0
BRDA:94,42,1,0
BRDA:94,43,0,0
BRDA:94,43,1,0
BRDA:95,44,0,0
BRDA:95,44,1,0
BRDA:95,45,0,0
BRDA:95,45,1,0
BRDA:96,46,0,0
BRDA:96,46,1,0
BRDA:96,47,0,0
BRDA:96,47,1,0
BRDA:96,48,0,0
BRDA:96,48,1,0
BRDA:99,49,0,0
BRDA:99,49,1,0
BRDA:100,50,0,0
BRDA:100,50,1,0
BRDA:100,51,0,0
BRDA:100,51,1,0
BRDA:110,52,0,0
BRDA:110,52,1,0
BRDA:112,53,0,0
BRDA:112,53,1,0
BRDA:113,54,0,0
BRDA:113,54,1,0
BRDA:113,55,0,0
BRDA:113,55,1,0
BRDA:113,56,0,0
BRDA:113,56,1,0
BRDA:115,57,0,0
BRDA:115,57,1,0
BRDA:115,58,0,0
BRDA:115,58,1,0
BRDA:115,59,0,0
BRDA:115,59,1,0
BRDA:115,60,0,0
BRDA:115,60,1,0
BRDA:115,61,0,0
BRDA:115,61,1,0
BRDA:116,62,0,0
BRDA:116,62,1,0
BRDA:122,63,0,0
BRDA:122,63,1,0
BRDA:123,64,0,0
BRDA:123,64,1,0
BRDA:124,65,0,0
BRDA:124,65,1,0
BRDA:130,66,0,0
BRDA:130,66,1,0
BRDA:131,67,0,0
BRDA:131,67,1,0
BRDA:134,68,0,0
BRDA:134,68,1,0
BRDA:135,69,0,0
BRDA:135,69,1,0
BRDA:139,70,0,0
BRDA:139,70,1,0
BRDA:139,71,0,0
BRDA:139,71,1,0
BRDA:139,72,0,0
BRDA:139,72,1,0
BRDA:147,73,0,0
BRDA:147,73,1,0
BRDA:147,74,0,0
BRDA:147,74,1,0
BRDA:147,75,0,0
BRDA:147,75,1,0
BRDA:147,76,0,0
BRDA:147,76,1,0
BRDA:148,77,0,0
BRDA:148,77,1,0
BRDA:148,78,0,0
BRDA:148,78,1,0
BRDA:148,79,0,0
BRDA:148,79,1,0
BRDA:148,80,0,0
BRDA:148,80,1,0
BRDA:148,81,0,0
BRDA:148,81,1,0
BRDA:148,82,0,0
BRDA:148,82,1,0
BRDA:151,83,0,0
BRDA:151,83,1,0
BRDA:151,84,0,0
BRDA:151,84,1,0
BRDA:151,85,0,0
BRDA:151,85,1,0
BRDA:152,86,0,0
BRDA:152,86,1,0
BRDA:152,87,0,0
BRDA:152,87,1,0
BRDA:152,88,0,0
BRDA:152,88,1,0
BRDA:152,89,0,0
BRDA:152,89,1,0
BRDA:152,90,0,0
BRDA:152,90,1,0
BRDA:154,91,0,0
BRDA:154,91,1,0
BRDA:155,92,0,0
BRDA:155,92,1,0
BRDA:155,93,0,0
BRDA:155,93,1,0
BRDA:157,94,0,0
BRDA:157,94,1,0
BRDA:163,95,0,0
BRDA:163,95,1,0
BRDA:164,96,0,0
BRDA:164,96,1,0
BRDA:169,97,0,0
BRDA:169,97,1,0
BRDA:170,98,0,0
BRDA:170,98,1,0
BRDA:170,99,0,0
BRDA:170,99,1,0
BRDA:170,100,0,0
BRDA:170,100,1,0
BRDA:170,101,0,0
BRDA:170,101,1,0
BRDA:170,102,0,0
BRDA:170,102,1,0
BRDA:171,103,0,0
BRDA:171,103,1,0
BRDA:187,104,0,0
BRDA:187,104,1,0
BRDA:189,105,0,0
BRDA:189,105,1,0
BRDA:189,106,0,0
BRDA:189,106,1,0
BRDA:206,107,0,0
BRDA:206,107,1,0
BRDA:208,108,0,0
BRDA:208,108,1,0
BRDA:211,109,0,0
BRDA:211,109,1,0
BRDA:219,110,0,0
BRDA:219,110,1,0
BRDA:221,111,0,0
BRDA:221,111,1,0
BRDA:224,112,0,0
BRDA:224,112,1,0
BRF:229
BRH:0
end_of_record
TN:
SF:src/lib/brain/engine.ts
FN:133,analyzeContent
FN:146,(anonymous_1)
FN:150,(anonymous_2)
FN:153,(anonymous_3)
FN:202,createDecision
FN:234,resolveAppeal
FN:273,shouldIssueStrike
FN:289,shouldRevokeFlagging
FNF:8
FNH:0
FNDA:0,analyzeContent
FNDA:0,(anonymous_1)
FNDA:0,(anonymous_2)
FNDA:0,(anonymous_3)
FNDA:0,createDecision
FNDA:0,resolveAppeal
FNDA:0,shouldIssueStrike
FNDA:0,shouldRevokeFlagging
DA:46,0
DA:133,0
DA:137,0
DA:140,0
DA:141,0
DA:144,0
DA:146,0
DA:147,0
DA:150,0
DA:153,0
DA:155,0
DA:156,0
DA:164,0
DA:165,0
DA:174,0
DA:175,0
DA:184,0
DA:196,0
DA:202,0
DA:212,0
DA:213,0
DA:234,0
DA:239,0
DA:241,0
DA:243,0
DA:249,0
DA:250,0
DA:252,0
DA:253,0
DA:259,0
DA:273,0
DA:279,0
DA:280,0
DA:281,0
DA:283,0
DA:289,0
DA:293,0
LF:37
LH:0
BRDA:137,0,0,0
BRDA:137,0,1,0
BRDA:140,1,0,0
BRDA:140,1,1,0
BRDA:147,2,0,0
BRDA:147,2,1,0
BRDA:155,3,0,0
BRDA:155,3,1,0
BRDA:155,4,0,0
BRDA:155,4,1,0
BRDA:164,5,0,0
BRDA:164,5,1,0
BRDA:164,6,0,0
BRDA:164,6,1,0
BRDA:174,7,0,0
BRDA:174,7,1,0
BRDA:174,8,0,0
BRDA:174,8,1,0
BRDA:218,9,0,0
BRDA:218,9,1,0
BRDA:218,10,0,0
BRDA:218,10,1,0
BRDA:220,11,0,0
BRDA:220,11,1,0
BRDA:222,12,0,0
BRDA:222,12,1,0
BRDA:241,13,0,0
BRDA:241,13,1,0
BRDA:252,14,0,0
BRDA:252,14,1,0
BRDA:279,15,0,0
BRDA:279,15,1,0
BRDA:280,16,0,0
BRDA:280,16,1,0
BRDA:281,17,0,0
BRDA:281,17,1,0
BRF:36
BRH:0
end_of_record
TN:
SF:src/lib/brain/heartbeat-chain.ts
FN:27,buildHeartbeatHash
FN:41,getChainTip
FN:50,appendToChain
FN:85,verifyChain
FN:104,getChainForExport
FN:124,getCurrentBlockHeight
FNF:6
FNH:0
FNDA:0,buildHeartbeatHash
FNDA:0,getChainTip
FNDA:0,appendToChain
FNDA:0,verifyChain
FNDA:0,getChainForExport
FNDA:0,getCurrentBlockHeight
DA:9,0
DA:10,0
DA:12,0
DA:27,0
DA:34,0
DA:35,0
DA:41,0
DA:42,0
DA:50,0
DA:57,0
DA:58,0
DA:60,0
DA:68,0
DA:85,0
DA:86,0
DA:87,0
DA:88,0
DA:95,0
DA:96,0
DA:98,0
DA:104,0
DA:108,0
DA:110,0
DA:114,0
DA:124,0
DA:125,0
DA:126,0
DA:129,0
DA:130,0
DA:132,0
DA:134,0
LF:31
LH:0
BRDA:58,0,0,0
BRDA:58,0,1,0
BRDA:58,1,0,0
BRDA:58,1,1,0
BRDA:58,2,0,0
BRDA:58,2,1,0
BRDA:58,3,0,0
BRDA:58,3,1,0
BRDA:95,4,0,0
BRDA:95,4,1,0
BRDA:96,5,0,0
BRDA:96,5,1,0
BRDA:96,6,0,0
BRDA:96,6,1,0
BRDA:108,7,0,0
BRDA:108,7,1,0
BRDA:108,8,0,0
BRDA:108,8,1,0
BRDA:108,9,0,0
BRDA:108,9,1,0
BRDA:108,10,0,0
BRDA:108,10,1,0
BRDA:110,11,0,0
BRDA:110,11,1,0
BRDA:110,12,0,0
BRDA:110,12,1,0
BRDA:110,13,0,0
BRDA:110,13,1,0
BRDA:129,14,0,0
BRDA:129,14,1,0
BRF:30
BRH:0
end_of_record
TN:
SF:src/lib/brain/index.ts
FN:43,(anonymous_0)
FN:47,(anonymous_1)
FN:48,(anonymous_2)
FN:49,(anonymous_3)
FN:50,(anonymous_4)
FN:51,(anonymous_5)
FN:52,(anonymous_6)
FN:53,(anonymous_7)
FN:54,(anonymous_8)
FN:59,(anonymous_9)
FN:60,(anonymous_10)
FN:61,(anonymous_11)
FN:62,(anonymous_12)
FN:63,(anonymous_13)
FN:68,(anonymous_14)
FN:69,(anonymous_15)
FN:70,(anonymous_16)
FN:71,(anonymous_17)
FN:72,(anonymous_18)
FN:73,(anonymous_19)
FN:74,(anonymous_20)
FNF:21
FNH:0
FNDA:0,(anonymous_0)
FNDA:0,(anonymous_1)
FNDA:0,(anonymous_2)
FNDA:0,(anonymous_3)
FNDA:0,(anonymous_4)
FNDA:0,(anonymous_5)
FNDA:0,(anonymous_6)
FNDA:0,(anonymous_7)
FNDA:0,(anonymous_8)
FNDA:0,(anonymous_9)
FNDA:0,(anonymous_10)
FNDA:0,(anonymous_11)
FNDA:0,(anonymous_12)
FNDA:0,(anonymous_13)
FNDA:0,(anonymous_14)
FNDA:0,(anonymous_15)
FNDA:0,(anonymous_16)
FNDA:0,(anonymous_17)
FNDA:0,(anonymous_18)
FNDA:0,(anonymous_19)
FNDA:0,(anonymous_20)
DA:43,0
DA:46,0
DA:47,0
DA:48,0
DA:49,0
DA:50,0
DA:51,0
DA:52,0
DA:53,0
DA:54,0
DA:58,0
DA:59,0
DA:60,0
DA:61,0
DA:62,0
DA:63,0
DA:67,0
DA:68,0
DA:69,0
DA:70,0
DA:71,0
DA:72,0
DA:73,0
DA:74,0
LF:24
LH:0
BRF:0
BRH:0
end_of_record
TN:
SF:src/lib/brain/inscription.ts
FN:47,buildSoulDocument
FN:103,fetchSoulFromInscription
FN:160,parseSoulDocument
FN:192,verifySoulContent
FN:198,(anonymous_4)
FN:207,verifySoulIntegrity
FN:229,verifyMoralCodeInscription
FN:240,(anonymous_7)
FN:254,fetchBrainWalletBalance
FN:279,generateInscriptionJSON
FNF:10
FNH:0
FNDA:0,buildSoulDocument
FNDA:0,fetchSoulFromInscription
FNDA:0,parseSoulDocument
FNDA:0,verifySoulContent
FNDA:0,(anonymous_4)
FNDA:0,verifySoulIntegrity
FNDA:0,verifyMoralCodeInscription
FNDA:0,(anonymous_7)
FNDA:0,fetchBrainWalletBalance
FNDA:0,generateInscriptionJSON
DA:18,0
DA:19,0
DA:24,0
DA:47,0
DA:48,0
DA:83,0
DA:84,0
DA:86,0
DA:103,0
DA:108,0
DA:109,0
DA:110,0
DA:114,0
DA:115,0
DA:116,0
DA:117,0
DA:119,0
DA:120,0
DA:128,0
DA:129,0
DA:130,0
DA:134,0
DA:135,0
DA:136,0
DA:137,0
DA:138,0
DA:139,0
DA:147,0
DA:148,0
DA:149,0
DA:160,0
DA:161,0
DA:162,0
DA:165,0
DA:166,0
DA:167,0
DA:168,0
DA:169,0
DA:170,0
DA:171,0
DA:172,0
DA:175,0
DA:176,0
DA:177,0
DA:178,0
DA:179,0
DA:180,0
DA:182,0
DA:184,0
DA:192,0
DA:193,0
DA:194,0
DA:195,0
DA:196,0
DA:198,0
DA:199,0
DA:200,0
DA:207,0
DA:208,0
DA:210,0
DA:211,0
DA:212,0
DA:214,0
DA:218,0
DA:229,0
DA:232,0
DA:233,0
DA:234,0
DA:235,0
DA:237,0
DA:240,0
DA:241,0
DA:243,0
DA:254,0
DA:257,0
DA:258,0
DA:259,0
DA:260,0
DA:262,0
DA:263,0
DA:264,0
DA:265,0
DA:267,0
DA:279,0
DA:280,0
DA:281,0
LF:86
LH:0
BRDA:104,0,0,0
BRDA:114,1,0,0
BRDA:114,1,1,0
BRDA:117,2,0,0
BRDA:117,2,1,0
BRDA:119,3,0,0
BRDA:119,3,1,0
BRDA:134,4,0,0
BRDA:134,4,1,0
BRDA:137,5,0,0
BRDA:137,5,1,0
BRDA:138,6,0,0
BRDA:138,6,1,0
BRDA:165,7,0,0
BRDA:165,7,1,0
BRDA:166,8,0,0
BRDA:166,8,1,0
BRDA:167,9,0,0
BRDA:167,9,1,0
BRDA:167,10,0,0
BRDA:167,10,1,0
BRDA:167,11,0,0
BRDA:167,11,1,0
BRDA:167,12,0,0
BRDA:167,12,1,0
BRDA:167,13,0,0
BRDA:167,13,1,0
BRDA:167,14,0,0
BRDA:167,14,1,0
BRDA:168,15,0,0
BRDA:168,15,1,0
BRDA:168,16,0,0
BRDA:168,16,1,0
BRDA:169,17,0,0
BRDA:169,17,1,0
BRDA:170,18,0,0
BRDA:170,18,1,0
BRDA:170,19,0,0
BRDA:170,19,1,0
BRDA:171,20,0,0
BRDA:171,20,1,0
BRDA:172,21,0,0
BRDA:172,21,1,0
BRDA:176,22,0,0
BRDA:176,22,1,0
BRDA:177,23,0,0
BRDA:177,23,1,0
BRDA:178,24,0,0
BRDA:178,24,1,0
BRDA:179,25,0,0
BRDA:179,25,1,0
BRDA:180,26,0,0
BRDA:180,26,1,0
BRDA:193,27,0,0
BRDA:193,27,1,0
BRDA:194,28,0,0
BRDA:194,28,1,0
BRDA:194,29,0,0
BRDA:194,29,1,0
BRDA:194,30,0,0
BRDA:194,30,1,0
BRDA:195,31,0,0
BRDA:195,31,1,0
BRDA:196,32,0,0
BRDA:196,32,1,0
BRDA:196,33,0,0
BRDA:196,33,1,0
BRDA:196,34,0,0
BRDA:196,34,1,0
BRDA:199,35,0,0
BRDA:199,35,1,0
BRDA:208,36,0,0
BRDA:208,36,1,0
BRDA:230,37,0,0
BRDA:235,38,0,0
BRDA:235,38,1,0
BRDA:255,39,0,0
BRDA:260,40,0,0
BRDA:260,40,1,0
BRDA:263,41,0,0
BRDA:263,41,1,0
BRDA:263,42,0,0
BRDA:263,42,1,0
BRDA:263,43,0,0
BRDA:263,43,1,0
BRDA:263,44,0,0
BRDA:263,44,1,0
BRDA:264,45,0,0
BRDA:264,45,1,0
BRDA:264,46,0,0
BRDA:264,46,1,0
BRDA:264,47,0,0
BRDA:264,47,1,0
BRDA:264,48,0,0
BRDA:264,48,1,0
BRDA:265,49,0,0
BRDA:265,49,1,0
BRDA:265,50,0,0
BRDA:265,50,1,0
BRF:99
BRH:0
end_of_record
TN:
SF:src/lib/brain/runtime.ts
FN:48,getBrainState
FN:65,bootBrain
FN:121,executeScanCycle
FN:189,processExpiredAppeals
FN:262,verifySoul
FN:301,runOneShotScan
FN:319,getBrainStatus
FNF:7
FNH:0
FNDA:0,getBrainState
FNDA:0,bootBrain
FNDA:0,executeScanCycle
FNDA:0,processExpiredAppeals
FNDA:0,verifySoul
FNDA:0,runOneShotScan
FNDA:0,getBrainStatus
DA:31,0
DA:32,0
DA:37,0
DA:43,0
DA:48,0
DA:49,0
DA:65,0
DA:68,0
DA:69,0
DA:71,0
DA:73,0
DA:74,0
DA:75,0
DA:78,0
DA:79,0
DA:82,0
DA:83,0
DA:84,0
DA:86,0
DA:89,0
DA:101,0
DA:102,0
DA:103,0
DA:105,0
DA:108,0
DA:121,0
DA:126,0
DA:127,0
DA:128,0
DA:131,0
DA:132,0
DA:135,0
DA:137,0
DA:138,0
DA:141,0
DA:143,0
DA:144,0
DA:146,0
DA:147,0
DA:149,0
DA:156,0
DA:159,0
DA:160,0
DA:161,0
DA:162,0
DA:164,0
DA:167,0
DA:173,0
DA:176,0
DA:178,0
DA:189,0
DA:201,0
DA:203,0
DA:204,0
DA:206,0
DA:207,0
DA:214,0
DA:215,0
DA:217,0
DA:222,0
DA:225,0
DA:226,0
DA:227,0
DA:232,0
DA:233,0
DA:235,0
DA:239,0
DA:240,0
DA:241,0
DA:250,0
DA:262,0
DA:265,0
DA:267,0
DA:268,0
DA:270,0
DA:271,0
DA:273,0
DA:274,0
DA:277,0
DA:278,0
DA:279,0
DA:283,0
DA:284,0
DA:285,0
DA:290,0
DA:301,0
DA:307,0
DA:308,0
DA:311,0
DA:313,0
DA:319,0
DA:331,0
DA:333,0
LF:93
LH:0
BRDA:66,0,0,0
BRDA:79,1,0,0
BRDA:79,1,1,0
BRDA:83,2,0,0
BRDA:83,2,1,0
BRDA:90,3,0,0
BRDA:90,3,1,0
BRDA:90,4,0,0
BRDA:90,4,1,0
BRDA:92,5,0,0
BRDA:92,5,1,0
BRDA:101,6,0,0
BRDA:101,6,1,0
BRDA:126,7,0,0
BRDA:126,7,1,0
BRDA:126,8,0,0
BRDA:126,8,1,0
BRDA:126,9,0,0
BRDA:126,9,1,0
BRDA:137,10,0,0
BRDA:137,10,1,0
BRDA:146,11,0,0
BRDA:146,11,1,0
BRDA:159,12,0,0
BRDA:159,12,1,0
BRDA:201,13,0,0
BRDA:201,13,1,0
BRDA:201,14,0,0
BRDA:201,14,1,0
BRDA:201,15,0,0
BRDA:201,15,1,0
BRDA:218,16,0,0
BRDA:218,16,1,0
BRDA:225,17,0,0
BRDA:225,17,1,0
BRDA:232,18,0,0
BRDA:232,18,1,0
BRDA:239,19,0,0
BRDA:239,19,1,0
BRDA:263,20,0,0
BRDA:265,21,0,0
BRDA:265,21,1,0
BRDA:271,22,0,0
BRDA:271,22,1,0
BRDA:273,23,0,0
BRDA:273,23,1,0
BRDA:277,24,0,0
BRDA:277,24,1,0
BRDA:277,25,0,0
BRDA:277,25,1,0
BRDA:283,26,0,0
BRDA:283,26,1,0
BRDA:283,27,0,0
BRDA:283,27,1,0
BRDA:307,28,0,0
BRDA:307,28,1,0
BRDA:331,29,0,0
BRDA:331,29,1,0
BRDA:331,30,0,0
BRDA:331,30,1,0
BRDA:331,31,0,0
BRDA:331,31,1,0
BRF:62
BRH:0
end_of_record
TN:
SF:src/lib/brain/types.ts
FNF:0
FNH:0
DA:192,0
LF:1
LH:0
BRF:0
BRH:0
end_of_record
